{"/app/apps/website/app/error.tsx": {"path":"/app/apps/website/app/error.tsx","statementMap":{"0":{"start":{"line":12,"column":24},"end":{"line":12,"column":30}},"1":{"start":{"line":3,"column":26},"end":{"line":3,"column":null}},"2":{"start":{"line":4,"column":23},"end":{"line":4,"column":null}},"3":{"start":{"line":5,"column":47},"end":{"line":5,"column":null}},"4":{"start":{"line":13,"column":2},"end":{"line":35,"column":null}},"5":{"start":{"line":15,"column":4},"end":{"line":15,"column":null}},"6":{"start":{"line":18,"column":4},"end":{"line":34,"column":null}},"7":{"start":{"line":19,"column":6},"end":{"line":33,"column":null}},"8":{"start":{"line":56,"column":51},"end":{"line":56,"column":79}}},"fnMap":{"0":{"name":"Error","decl":{"start":{"line":12,"column":24},"end":{"line":12,"column":30}},"loc":{"start":{"line":12,"column":58},"end":{"line":90,"column":null}}},"1":{"name":"(anonymous_2)","decl":{"start":{"line":13,"column":12},"end":{"line":13,"column":null}},"loc":{"start":{"line":13,"column":12},"end":{"line":35,"column":5}}},"2":{"name":"(anonymous_3)","decl":{"start":{"line":56,"column":45},"end":{"line":56,"column":51}},"loc":{"start":{"line":56,"column":51},"end":{"line":56,"column":79}}}},"branchMap":{"0":{"loc":{"start":{"line":18,"column":4},"end":{"line":34,"column":null}},"type":"if","locations":[{"start":{"line":18,"column":4},"end":{"line":34,"column":null}}]},"1":{"loc":{"start":{"line":62,"column":9},"end":{"line":62,"column":null}},"type":"binary-expr","locations":[{"start":{"line":62,"column":9},"end":{"line":62,"column":null}}]},"2":{"loc":{"start":{"line":71,"column":15},"end":{"line":71,"column":27}},"type":"binary-expr","locations":[{"start":{"line":71,"column":15},"end":{"line":71,"column":27}}]},"3":{"loc":{"start":{"line":76,"column":15},"end":{"line":76,"column":26}},"type":"binary-expr","locations":[{"start":{"line":76,"column":15},"end":{"line":76,"column":26}}]}},"s":{"0":0,"1":0,"2":0,"3":0,"4":0,"5":0,"6":0,"7":0,"8":0},"f":{"0":0,"1":0,"2":0},"b":{"0":[0],"1":[0],"2":[0],"3":[0]}}
,"/app/apps/website/app/global-error.tsx": {"path":"/app/apps/website/app/global-error.tsx","statementMap":{"0":{"start":{"line":10,"column":24},"end":{"line":10,"column":36}},"1":{"start":{"line":3,"column":26},"end":{"line":3,"column":null}},"2":{"start":{"line":11,"column":2},"end":{"line":34,"column":null}},"3":{"start":{"line":13,"column":4},"end":{"line":13,"column":null}},"4":{"start":{"line":16,"column":4},"end":{"line":33,"column":null}},"5":{"start":{"line":17,"column":6},"end":{"line":32,"column":null}},"6":{"start":{"line":97,"column":31},"end":{"line":97,"column":null}}},"fnMap":{"0":{"name":"GlobalError","decl":{"start":{"line":10,"column":24},"end":{"line":10,"column":36}},"loc":{"start":{"line":10,"column":70},"end":{"line":150,"column":null}}},"1":{"name":"(anonymous_2)","decl":{"start":{"line":11,"column":12},"end":{"line":11,"column":null}},"loc":{"start":{"line":11,"column":12},"end":{"line":34,"column":5}}},"2":{"name":"(anonymous_3)","decl":{"start":{"line":97,"column":25},"end":{"line":97,"column":31}},"loc":{"start":{"line":97,"column":31},"end":{"line":97,"column":null}}}},"branchMap":{"0":{"loc":{"start":{"line":16,"column":4},"end":{"line":33,"column":null}},"type":"if","locations":[{"start":{"line":16,"column":4},"end":{"line":33,"column":null}}]},"1":{"loc":{"start":{"line":113,"column":13},"end":{"line":113,"column":null}},"type":"binary-expr","locations":[{"start":{"line":113,"column":13},"end":{"line":113,"column":null}}]},"2":{"loc":{"start":{"line":129,"column":19},"end":{"line":129,"column":31}},"type":"binary-expr","locations":[{"start":{"line":129,"column":19},"end":{"line":129,"column":31}}]},"3":{"loc":{"start":{"line":134,"column":19},"end":{"line":134,"column":30}},"type":"binary-expr","locations":[{"start":{"line":134,"column":19},"end":{"line":134,"column":30}}]}},"s":{"0":0,"1":0,"2":0,"3":0,"4":0,"5":0,"6":0},"f":{"0":0,"1":0,"2":0},"b":{"0":[0],"1":[0],"2":[0],"3":[0]}}
,"/app/apps/website/app/layout.tsx": {"path":"/app/apps/website/app/layout.tsx","statementMap":{"0":{"start":{"line":51,"column":24},"end":{"line":51,"column":35}},"1":{"start":{"line":5,"column":13},"end":{"line":5,"column":34}},"2":{"start":{"line":2,"column":26},"end":{"line":2,"column":null}},"3":{"start":{"line":3,"column":7},"end":{"line":3,"column":null}},"4":{"start":{"line":5,"column":34},"end":{"line":49,"column":null}}},"fnMap":{"0":{"name":"RootLayout","decl":{"start":{"line":51,"column":24},"end":{"line":51,"column":35}},"loc":{"start":{"line":55,"column":1},"end":{"line":65,"column":null}}}},"branchMap":{"0":{"loc":{"start":{"line":20,"column":24},"end":{"line":20,"column":null}},"type":"binary-expr","locations":[{"start":{"line":20,"column":24},"end":{"line":20,"column":56}},{"start":{"line":20,"column":60},"end":{"line":20,"column":null}}]},"1":{"loc":{"start":{"line":24,"column":9},"end":{"line":24,"column":null}},"type":"binary-expr","locations":[{"start":{"line":24,"column":9},"end":{"line":24,"column":41}},{"start":{"line":24,"column":45},"end":{"line":24,"column":null}}]}},"s":{"0":0,"1":0,"2":0,"3":0,"4":0},"f":{"0":0},"b":{"0":[0,0],"1":[0,0]}}
,"/app/apps/website/app/not-found.tsx": {"path":"/app/apps/website/app/not-found.tsx","statementMap":{"0":{"start":{"line":7,"column":24},"end":{"line":7,"column":null}},"1":{"start":{"line":3,"column":17},"end":{"line":3,"column":null}},"2":{"start":{"line":4,"column":23},"end":{"line":4,"column":null}},"3":{"start":{"line":5,"column":40},"end":{"line":5,"column":null}},"4":{"start":{"line":39,"column":49},"end":{"line":39,"column":72}}},"fnMap":{"0":{"name":"NotFound","decl":{"start":{"line":7,"column":24},"end":{"line":7,"column":null}},"loc":{"start":{"line":7,"column":24},"end":{"line":53,"column":null}}},"1":{"name":"(anonymous_3)","decl":{"start":{"line":39,"column":43},"end":{"line":39,"column":49}},"loc":{"start":{"line":39,"column":49},"end":{"line":39,"column":72}}}},"branchMap":{},"s":{"0":0,"1":0,"2":0,"3":0,"4":0},"f":{"0":0,"1":0},"b":{}}
,"/app/apps/website/app/page.tsx": {"path":"/app/apps/website/app/page.tsx","statementMap":{"0":{"start":{"line":5,"column":24},"end":{"line":5,"column":null}},"1":{"start":{"line":1,"column":17},"end":{"line":1,"column":null}},"2":{"start":{"line":2,"column":29},"end":{"line":2,"column":null}},"3":{"start":{"line":3,"column":27},"end":{"line":3,"column":null}},"4":{"start":{"line":6,"column":19},"end":{"line":37,"column":null}},"5":{"start":{"line":79,"column":16},"end":{"line":79,"column":42}}},"fnMap":{"0":{"name":"HomePage","decl":{"start":{"line":5,"column":24},"end":{"line":5,"column":null}},"loc":{"start":{"line":5,"column":24},"end":{"line":118,"column":null}}},"1":{"name":"(anonymous_3)","decl":{"start":{"line":78,"column":28},"end":{"line":78,"column":29}},"loc":{"start":{"line":79,"column":16},"end":{"line":79,"column":42}}}},"branchMap":{},"s":{"0":0,"1":0,"2":0,"3":0,"4":0,"5":0},"f":{"0":0,"1":0},"b":{}}
,"/app/apps/website/app/robots.ts": {"path":"/app/apps/website/app/robots.ts","statementMap":{"0":{"start":{"line":3,"column":24},"end":{"line":3,"column":null}},"1":{"start":{"line":4,"column":18},"end":{"line":4,"column":null}},"2":{"start":{"line":6,"column":2},"end":{"line":13,"column":null}}},"fnMap":{"0":{"name":"robots","decl":{"start":{"line":3,"column":24},"end":{"line":3,"column":null}},"loc":{"start":{"line":3,"column":24},"end":{"line":14,"column":null}}}},"branchMap":{"0":{"loc":{"start":{"line":4,"column":18},"end":{"line":4,"column":null}},"type":"binary-expr","locations":[{"start":{"line":4,"column":18},"end":{"line":4,"column":50}},{"start":{"line":4,"column":54},"end":{"line":4,"column":null}}]}},"s":{"0":0,"1":0,"2":0},"f":{"0":0},"b":{"0":[0,0]}}
,"/app/apps/website/app/sitemap.ts": {"path":"/app/apps/website/app/sitemap.ts","statementMap":{"0":{"start":{"line":4,"column":30},"end":{"line":4,"column":null}},"1":{"start":{"line":2,"column":35},"end":{"line":2,"column":null}},"2":{"start":{"line":5,"column":18},"end":{"line":5,"column":null}},"3":{"start":{"line":8,"column":45},"end":{"line":33,"column":null}},"4":{"start":{"line":36,"column":2},"end":{"line":49,"column":null}},"5":{"start":{"line":37,"column":21},"end":{"line":37,"column":null}},"6":{"start":{"line":38,"column":48},"end":{"line":43,"column":null}},"7":{"start":{"line":38,"column":72},"end":{"line":43,"column":null}},"8":{"start":{"line":45,"column":4},"end":{"line":45,"column":null}},"9":{"start":{"line":47,"column":4},"end":{"line":47,"column":null}},"10":{"start":{"line":48,"column":4},"end":{"line":48,"column":null}}},"fnMap":{"0":{"name":"sitemap","decl":{"start":{"line":4,"column":30},"end":{"line":4,"column":null}},"loc":{"start":{"line":4,"column":30},"end":{"line":50,"column":null}}},"1":{"name":"(anonymous_2)","decl":{"start":{"line":38,"column":61},"end":{"line":38,"column":62}},"loc":{"start":{"line":38,"column":72},"end":{"line":43,"column":null}}}},"branchMap":{"0":{"loc":{"start":{"line":5,"column":18},"end":{"line":5,"column":null}},"type":"binary-expr","locations":[{"start":{"line":5,"column":18},"end":{"line":5,"column":50}},{"start":{"line":5,"column":54},"end":{"line":5,"column":null}}]}},"s":{"0":0,"1":0,"2":0,"3":0,"4":0,"5":0,"6":0,"7":0,"8":0,"9":0,"10":0},"f":{"0":0,"1":0},"b":{"0":[0,0]}}
,"/app/apps/website/app/[...slug]/page.tsx": {"path":"/app/apps/website/app/[...slug]/page.tsx","statementMap":{"0":{"start":{"line":66,"column":30},"end":{"line":66,"column":42}},"1":{"start":{"line":29,"column":22},"end":{"line":29,"column":39}},"2":{"start":{"line":15,"column":22},"end":{"line":15,"column":null}},"3":{"start":{"line":99,"column":13},"end":{"line":99,"column":26}},"4":{"start":{"line":2,"column":25},"end":{"line":2,"column":null}},"5":{"start":{"line":3,"column":27},"end":{"line":3,"column":null}},"6":{"start":{"line":4,"column":32},"end":{"line":4,"column":null}},"7":{"start":{"line":5,"column":49},"end":{"line":5,"column":null}},"8":{"start":{"line":16,"column":2},"end":{"line":25,"column":null}},"9":{"start":{"line":17,"column":18},"end":{"line":17,"column":null}},"10":{"start":{"line":19,"column":4},"end":{"line":21,"column":null}},"11":{"start":{"line":19,"column":32},"end":{"line":21,"column":null}},"12":{"start":{"line":23,"column":4},"end":{"line":23,"column":null}},"13":{"start":{"line":24,"column":4},"end":{"line":24,"column":null}},"14":{"start":{"line":30,"column":15},"end":{"line":30,"column":null}},"15":{"start":{"line":32,"column":2},"end":{"line":63,"column":null}},"16":{"start":{"line":33,"column":17},"end":{"line":33,"column":null}},"17":{"start":{"line":35,"column":4},"end":{"line":40,"column":null}},"18":{"start":{"line":36,"column":6},"end":{"line":39,"column":null}},"19":{"start":{"line":42,"column":4},"end":{"line":56,"column":null}},"20":{"start":{"line":58,"column":4},"end":{"line":58,"column":null}},"21":{"start":{"line":59,"column":4},"end":{"line":62,"column":null}},"22":{"start":{"line":67,"column":15},"end":{"line":67,"column":null}},"23":{"start":{"line":69,"column":2},"end":{"line":95,"column":null}},"24":{"start":{"line":70,"column":17},"end":{"line":70,"column":null}},"25":{"start":{"line":72,"column":4},"end":{"line":74,"column":null}},"26":{"start":{"line":73,"column":6},"end":{"line":73,"column":null}},"27":{"start":{"line":93,"column":4},"end":{"line":93,"column":null}},"28":{"start":{"line":94,"column":4},"end":{"line":94,"column":null}},"29":{"start":{"line":99,"column":26},"end":{"line":99,"column":30}}},"fnMap":{"0":{"name":"generateStaticParams","decl":{"start":{"line":15,"column":22},"end":{"line":15,"column":null}},"loc":{"start":{"line":15,"column":22},"end":{"line":26,"column":null}}},"1":{"name":"(anonymous_6)","decl":{"start":{"line":19,"column":21},"end":{"line":19,"column":22}},"loc":{"start":{"line":19,"column":32},"end":{"line":21,"column":null}}},"2":{"name":"generateMetadata","decl":{"start":{"line":29,"column":22},"end":{"line":29,"column":39}},"loc":{"start":{"line":29,"column":60},"end":{"line":64,"column":null}}},"3":{"name":"DynamicPage","decl":{"start":{"line":66,"column":30},"end":{"line":66,"column":42}},"loc":{"start":{"line":66,"column":63},"end":{"line":96,"column":null}}}},"branchMap":{"0":{"loc":{"start":{"line":35,"column":4},"end":{"line":40,"column":null}},"type":"if","locations":[{"start":{"line":35,"column":4},"end":{"line":40,"column":null}}]},"1":{"loc":{"start":{"line":43,"column":13},"end":{"line":43,"column":42}},"type":"binary-expr","locations":[{"start":{"line":43,"column":13},"end":{"line":43,"column":28}},{"start":{"line":43,"column":32},"end":{"line":43,"column":42}}]},"2":{"loc":{"start":{"line":47,"column":15},"end":{"line":47,"column":44}},"type":"binary-expr","locations":[{"start":{"line":47,"column":15},"end":{"line":47,"column":30}},{"start":{"line":47,"column":34},"end":{"line":47,"column":44}}]},"3":{"loc":{"start":{"line":53,"column":15},"end":{"line":53,"column":44}},"type":"binary-expr","locations":[{"start":{"line":53,"column":15},"end":{"line":53,"column":30}},{"start":{"line":53,"column":34},"end":{"line":53,"column":44}}]},"4":{"loc":{"start":{"line":72,"column":4},"end":{"line":74,"column":null}},"type":"if","locations":[{"start":{"line":72,"column":4},"end":{"line":74,"column":null}}]}},"s":{"0":0,"1":0,"2":0,"3":0,"4":0,"5":0,"6":0,"7":0,"8":0,"9":0,"10":0,"11":0,"12":0,"13":0,"14":0,"15":0,"16":0,"17":0,"18":0,"19":0,"20":0,"21":0,"22":0,"23":0,"24":0,"25":0,"26":0,"27":0,"28":0,"29":0},"f":{"0":0,"1":0,"2":0,"3":0},"b":{"0":[0],"1":[0,0],"2":[0,0],"3":[0,0],"4":[0]}}
,"/app/apps/website/app/about/page.tsx": {"path":"/app/apps/website/app/about/page.tsx","statementMap":{"0":{"start":{"line":9,"column":24},"end":{"line":9,"column":null}},"1":{"start":{"line":4,"column":13},"end":{"line":4,"column":24}},"2":{"start":{"line":1,"column":27},"end":{"line":1,"column":null}},"3":{"start":{"line":2,"column":21},"end":{"line":2,"column":null}},"4":{"start":{"line":4,"column":24},"end":{"line":7,"column":null}},"5":{"start":{"line":10,"column":15},"end":{"line":29,"column":null}},"6":{"start":{"line":31,"column":17},"end":{"line":47,"column":null}},"7":{"start":{"line":97,"column":16},"end":{"line":97,"column":40}},"8":{"start":{"line":126,"column":16},"end":{"line":126,"column":40}}},"fnMap":{"0":{"name":"AboutPage","decl":{"start":{"line":9,"column":24},"end":{"line":9,"column":null}},"loc":{"start":{"line":9,"column":24},"end":{"line":145,"column":null}}},"1":{"name":"(anonymous_4)","decl":{"start":{"line":96,"column":26},"end":{"line":96,"column":27}},"loc":{"start":{"line":97,"column":16},"end":{"line":97,"column":40}}},"2":{"name":"(anonymous_5)","decl":{"start":{"line":125,"column":24},"end":{"line":125,"column":25}},"loc":{"start":{"line":126,"column":16},"end":{"line":126,"column":40}}}},"branchMap":{},"s":{"0":0,"1":0,"2":0,"3":0,"4":0,"5":0,"6":0,"7":0,"8":0},"f":{"0":0,"1":0,"2":0},"b":{}}
,"/app/apps/website/app/admin/layout.tsx": {"path":"/app/apps/website/app/admin/layout.tsx","statementMap":{"0":{"start":{"line":4,"column":24},"end":{"line":4,"column":36}},"1":{"start":{"line":2,"column":13},"end":{"line":2,"column":23}},"2":{"start":{"line":2,"column":23},"end":{"line":2,"column":null}},"3":{"start":{"line":9,"column":2},"end":{"line":9,"column":null}}},"fnMap":{"0":{"name":"AdminLayout","decl":{"start":{"line":4,"column":24},"end":{"line":4,"column":36}},"loc":{"start":{"line":8,"column":1},"end":{"line":10,"column":null}}}},"branchMap":{},"s":{"0":0,"1":0,"2":0,"3":0},"f":{"0":0},"b":{}}
,"/app/apps/website/app/admin/page.tsx": {"path":"/app/apps/website/app/admin/page.tsx","statementMap":{"0":{"start":{"line":7,"column":24},"end":{"line":7,"column":null}},"1":{"start":{"line":3,"column":28},"end":{"line":3,"column":null}},"2":{"start":{"line":4,"column":21},"end":{"line":4,"column":null}},"3":{"start":{"line":5,"column":53},"end":{"line":5,"column":null}},"4":{"start":{"line":8,"column":40},"end":{"line":10,"column":null}},"5":{"start":{"line":12,"column":22},"end":{"line":12,"column":66}},"6":{"start":{"line":15,"column":27},"end":{"line":15,"column":45}},"7":{"start":{"line":16,"column":25},"end":{"line":16,"column":87}},"8":{"start":{"line":16,"column":49},"end":{"line":16,"column":79}},"9":{"start":{"line":17,"column":26},"end":{"line":17,"column":89}},"10":{"start":{"line":17,"column":50},"end":{"line":17,"column":81}},"11":{"start":{"line":18,"column":29},"end":{"line":18,"column":95}},"12":{"start":{"line":18,"column":53},"end":{"line":18,"column":87}},"13":{"start":{"line":20,"column":16},"end":{"line":45,"column":null}},"14":{"start":{"line":47,"column":28},"end":{"line":49,"column":null}},"15":{"start":{"line":48,"column":20},"end":{"line":48,"column":null}},"16":{"start":{"line":51,"column":21},"end":{"line":58,"column":null}},"17":{"start":{"line":52,"column":4},"end":{"line":57,"column":null}},"18":{"start":{"line":74,"column":12},"end":{"line":74,"column":34}},"19":{"start":{"line":107,"column":16},"end":{"line":108,"column":null}}},"fnMap":{"0":{"name":"AdminDashboardPage","decl":{"start":{"line":7,"column":24},"end":{"line":7,"column":null}},"loc":{"start":{"line":7,"column":24},"end":{"line":181,"column":null}}},"1":{"name":"(anonymous_2)","decl":{"start":{"line":16,"column":44},"end":{"line":16,"column":49}},"loc":{"start":{"line":16,"column":49},"end":{"line":16,"column":79}}},"2":{"name":"(anonymous_3)","decl":{"start":{"line":17,"column":45},"end":{"line":17,"column":50}},"loc":{"start":{"line":17,"column":50},"end":{"line":17,"column":81}}},"3":{"name":"(anonymous_4)","decl":{"start":{"line":18,"column":48},"end":{"line":18,"column":53}},"loc":{"start":{"line":18,"column":53},"end":{"line":18,"column":87}}},"4":{"name":"(anonymous_5)","decl":{"start":{"line":48,"column":10},"end":{"line":48,"column":11}},"loc":{"start":{"line":48,"column":20},"end":{"line":48,"column":null}}},"5":{"name":"(anonymous_6)","decl":{"start":{"line":51,"column":21},"end":{"line":51,"column":22}},"loc":{"start":{"line":51,"column":22},"end":{"line":58,"column":null}}},"6":{"name":"(anonymous_7)","decl":{"start":{"line":73,"column":21},"end":{"line":73,"column":22}},"loc":{"start":{"line":74,"column":12},"end":{"line":74,"column":34}}},"7":{"name":"(anonymous_8)","decl":{"start":{"line":106,"column":37},"end":{"line":106,"column":38}},"loc":{"start":{"line":107,"column":16},"end":{"line":108,"column":null}}}},"branchMap":{"0":{"loc":{"start":{"line":12,"column":22},"end":{"line":12,"column":66}},"type":"binary-expr","locations":[{"start":{"line":12,"column":22},"end":{"line":12,"column":64}},{"start":{"line":12,"column":64},"end":{"line":12,"column":66}}]},"1":{"loc":{"start":{"line":101,"column":12},"end":{"line":105,"column":13}},"type":"cond-expr","locations":[{"start":{"line":101,"column":12},"end":{"line":105,"column":13}}]},"2":{"loc":{"start":{"line":119,"column":23},"end":{"line":119,"column":62}},"type":"binary-expr","locations":[{"start":{"line":119,"column":23},"end":{"line":119,"column":62}}]}},"s":{"0":0,"1":0,"2":0,"3":0,"4":0,"5":0,"6":0,"7":0,"8":0,"9":0,"10":0,"11":0,"12":0,"13":0,"14":0,"15":0,"16":0,"17":0,"18":0,"19":0},"f":{"0":0,"1":0,"2":0,"3":0,"4":0,"5":0,"6":0,"7":0},"b":{"0":[0,0],"1":[0],"2":[0]}}
,"/app/apps/website/app/admin/contact/loading.tsx": {"path":"/app/apps/website/app/admin/contact/loading.tsx","statementMap":{"0":{"start":{"line":1,"column":24},"end":{"line":1,"column":null}}},"fnMap":{"0":{"name":"Loading","decl":{"start":{"line":1,"column":24},"end":{"line":1,"column":null}},"loc":{"start":{"line":1,"column":24},"end":{"line":10,"column":null}}}},"branchMap":{},"s":{"0":0},"f":{"0":0},"b":{}}
,"/app/apps/website/app/admin/contact/page.tsx": {"path":"/app/apps/website/app/admin/contact/page.tsx","statementMap":{"0":{"start":{"line":13,"column":24},"end":{"line":13,"column":null}},"1":{"start":{"line":3,"column":25},"end":{"line":3,"column":null}},"2":{"start":{"line":4,"column":28},"end":{"line":4,"column":null}},"3":{"start":{"line":5,"column":36},"end":{"line":5,"column":null}},"4":{"start":{"line":11,"column":7},"end":{"line":11,"column":null}},"5":{"start":{"line":14,"column":30},"end":{"line":14,"column":null}},"6":{"start":{"line":15,"column":42},"end":{"line":15,"column":null}},"7":{"start":{"line":16,"column":54},"end":{"line":16,"column":null}},"8":{"start":{"line":18,"column":58},"end":{"line":22,"column":null}},"9":{"start":{"line":24,"column":21},"end":{"line":24,"column":null}},"10":{"start":{"line":25,"column":27},"end":{"line":25,"column":null}},"11":{"start":{"line":27,"column":22},"end":{"line":27,"column":66}},"12":{"start":{"line":29,"column":27},"end":{"line":35,"column":null}},"13":{"start":{"line":30,"column":4},"end":{"line":34,"column":null}},"14":{"start":{"line":31,"column":6},"end":{"line":31,"column":null}},"15":{"start":{"line":33,"column":6},"end":{"line":33,"column":null}},"16":{"start":{"line":37,"column":23},"end":{"line":45,"column":null}},"17":{"start":{"line":38,"column":4},"end":{"line":44,"column":null}},"18":{"start":{"line":39,"column":6},"end":{"line":43,"column":null}},"19":{"start":{"line":40,"column":8},"end":{"line":40,"column":null}},"20":{"start":{"line":42,"column":8},"end":{"line":42,"column":null}},"21":{"start":{"line":47,"column":25},"end":{"line":63,"column":null}},"22":{"start":{"line":48,"column":25},"end":{"line":54,"column":null}},"23":{"start":{"line":56,"column":19},"end":{"line":56,"column":82}},"24":{"start":{"line":65,"column":21},"end":{"line":73,"column":null}},"25":{"start":{"line":66,"column":4},"end":{"line":72,"column":null}},"26":{"start":{"line":75,"column":2},"end":{"line":86,"column":null}},"27":{"start":{"line":80,"column":33},"end":{"line":80,"column":59}},"28":{"start":{"line":111,"column":33},"end":{"line":111,"column":null}},"29":{"start":{"line":122,"column":33},"end":{"line":122,"column":null}},"30":{"start":{"line":146,"column":18},"end":{"line":146,"column":null}},"31":{"start":{"line":147,"column":18},"end":{"line":147,"column":null}},"32":{"start":{"line":157,"column":14},"end":{"line":157,"column":40}},"33":{"start":{"line":192,"column":39},"end":{"line":192,"column":null}},"34":{"start":{"line":203,"column":40},"end":{"line":203,"column":69}},"35":{"start":{"line":204,"column":37},"end":{"line":204,"column":130}},"36":{"start":{"line":205,"column":24},"end":{"line":205,"column":null}},"37":{"start":{"line":214,"column":37},"end":{"line":214,"column":null}}},"fnMap":{"0":{"name":"AdminContactPage","decl":{"start":{"line":13,"column":24},"end":{"line":13,"column":null}},"loc":{"start":{"line":13,"column":24},"end":{"line":229,"column":null}}},"1":{"name":"(anonymous_2)","decl":{"start":{"line":29,"column":27},"end":{"line":29,"column":34}},"loc":{"start":{"line":29,"column":34},"end":{"line":35,"column":null}}},"2":{"name":"(anonymous_3)","decl":{"start":{"line":37,"column":23},"end":{"line":37,"column":30}},"loc":{"start":{"line":37,"column":30},"end":{"line":45,"column":null}}},"3":{"name":"(anonymous_4)","decl":{"start":{"line":47,"column":25},"end":{"line":47,"column":26}},"loc":{"start":{"line":47,"column":26},"end":{"line":63,"column":null}}},"4":{"name":"(anonymous_5)","decl":{"start":{"line":65,"column":21},"end":{"line":65,"column":22}},"loc":{"start":{"line":65,"column":22},"end":{"line":73,"column":null}}},"5":{"name":"(anonymous_6)","decl":{"start":{"line":80,"column":27},"end":{"line":80,"column":33}},"loc":{"start":{"line":80,"column":33},"end":{"line":80,"column":59}}},"6":{"name":"(anonymous_7)","decl":{"start":{"line":111,"column":26},"end":{"line":111,"column":27}},"loc":{"start":{"line":111,"column":33},"end":{"line":111,"column":null}}},"7":{"name":"(anonymous_8)","decl":{"start":{"line":122,"column":26},"end":{"line":122,"column":27}},"loc":{"start":{"line":122,"column":33},"end":{"line":122,"column":null}}},"8":{"name":"(anonymous_9)","decl":{"start":{"line":145,"column":25},"end":{"line":145,"column":null}},"loc":{"start":{"line":145,"column":25},"end":{"line":148,"column":null}}},"9":{"name":"(anonymous_10)","decl":{"start":{"line":156,"column":29},"end":{"line":156,"column":30}},"loc":{"start":{"line":157,"column":14},"end":{"line":157,"column":40}}},"10":{"name":"(anonymous_11)","decl":{"start":{"line":192,"column":33},"end":{"line":192,"column":39}},"loc":{"start":{"line":192,"column":39},"end":{"line":192,"column":null}}},"11":{"name":"(anonymous_12)","decl":{"start":{"line":202,"column":31},"end":{"line":202,"column":null}},"loc":{"start":{"line":202,"column":31},"end":{"line":206,"column":null}}},"12":{"name":"(anonymous_13)","decl":{"start":{"line":214,"column":31},"end":{"line":214,"column":37}},"loc":{"start":{"line":214,"column":37},"end":{"line":214,"column":null}}}},"branchMap":{"0":{"loc":{"start":{"line":19,"column":12},"end":{"line":19,"column":null}},"type":"binary-expr","locations":[{"start":{"line":19,"column":12},"end":{"line":19,"column":22}},{"start":{"line":19,"column":22},"end":{"line":19,"column":null}}]},"1":{"loc":{"start":{"line":20,"column":12},"end":{"line":20,"column":null}},"type":"binary-expr","locations":[{"start":{"line":20,"column":12},"end":{"line":20,"column":28}},{"start":{"line":20,"column":28},"end":{"line":20,"column":null}}]},"2":{"loc":{"start":{"line":27,"column":22},"end":{"line":27,"column":66}},"type":"binary-expr","locations":[{"start":{"line":27,"column":22},"end":{"line":27,"column":64}},{"start":{"line":27,"column":64},"end":{"line":27,"column":66}}]},"3":{"loc":{"start":{"line":38,"column":4},"end":{"line":44,"column":null}},"type":"if","locations":[{"start":{"line":38,"column":4},"end":{"line":44,"column":null}}]},"4":{"loc":{"start":{"line":56,"column":19},"end":{"line":56,"column":82}},"type":"binary-expr","locations":[{"start":{"line":56,"column":19},"end":{"line":56,"column":39}},{"start":{"line":56,"column":43},"end":{"line":56,"column":82}}]},"5":{"loc":{"start":{"line":75,"column":2},"end":{"line":86,"column":null}},"type":"if","locations":[{"start":{"line":75,"column":2},"end":{"line":86,"column":null}}]},"6":{"loc":{"start":{"line":137,"column":10},"end":{"line":140,"column":24}},"type":"cond-expr","locations":[{"start":{"line":137,"column":10},"end":{"line":140,"column":24}}]},"7":{"loc":{"start":{"line":141,"column":10},"end":{"line":155,"column":11}},"type":"cond-expr","locations":[{"start":{"line":141,"column":10},"end":{"line":155,"column":11}}]},"8":{"loc":{"start":{"line":143,"column":14},"end":{"line":143,"column":24}},"type":"binary-expr","locations":[{"start":{"line":143,"column":14},"end":{"line":143,"column":24}},{"start":{"line":143,"column":24},"end":{"line":143,"column":35}}]},"9":{"loc":{"start":{"line":169,"column":23},"end":{"line":169,"column":41}},"type":"binary-expr","locations":[{"start":{"line":169,"column":23},"end":{"line":169,"column":41}}]},"10":{"loc":{"start":{"line":189,"column":21},"end":{"line":189,"column":60}},"type":"binary-expr","locations":[{"start":{"line":189,"column":21},"end":{"line":189,"column":60}}]}},"s":{"0":0,"1":0,"2":0,"3":0,"4":0,"5":0,"6":0,"7":0,"8":0,"9":0,"10":0,"11":0,"12":0,"13":0,"14":0,"15":0,"16":0,"17":0,"18":0,"19":0,"20":0,"21":0,"22":0,"23":0,"24":0,"25":0,"26":0,"27":0,"28":0,"29":0,"30":0,"31":0,"32":0,"33":0,"34":0,"35":0,"36":0,"37":0},"f":{"0":0,"1":0,"2":0,"3":0,"4":0,"5":0,"6":0,"7":0,"8":0,"9":0,"10":0,"11":0,"12":0},"b":{"0":[0,0],"1":[0,0],"2":[0,0],"3":[0],"4":[0,0],"5":[0],"6":[0],"7":[0],"8":[0,0],"9":[0],"10":[0]}}
,"/app/apps/website/app/api/health/route.ts": {"path":"/app/apps/website/app/api/health/route.ts","statementMap":{"0":{"start":{"line":3,"column":22},"end":{"line":3,"column":null}},"1":{"start":{"line":1,"column":29},"end":{"line":1,"column":null}},"2":{"start":{"line":4,"column":2},"end":{"line":24,"column":null}},"3":{"start":{"line":6,"column":24},"end":{"line":12,"column":null}},"4":{"start":{"line":14,"column":4},"end":{"line":14,"column":null}},"5":{"start":{"line":16,"column":26},"end":{"line":21,"column":null}},"6":{"start":{"line":23,"column":4},"end":{"line":23,"column":null}}},"fnMap":{"0":{"name":"GET","decl":{"start":{"line":3,"column":22},"end":{"line":3,"column":null}},"loc":{"start":{"line":3,"column":22},"end":{"line":25,"column":null}}}},"branchMap":{"0":{"loc":{"start":{"line":10,"column":15},"end":{"line":10,"column":null}},"type":"binary-expr","locations":[{"start":{"line":10,"column":15},"end":{"line":10,"column":46}},{"start":{"line":10,"column":50},"end":{"line":10,"column":null}}]},"1":{"loc":{"start":{"line":20,"column":13},"end":{"line":20,"column":null}},"type":"cond-expr","locations":[{"start":{"line":20,"column":38},"end":{"line":20,"column":51}},{"start":{"line":20,"column":54},"end":{"line":20,"column":null}}]}},"s":{"0":0,"1":0,"2":0,"3":0,"4":0,"5":0,"6":0},"f":{"0":0},"b":{"0":[0,0],"1":[0,0]}}
,"/app/apps/website/app/api/revalidate/route.ts": {"path":"/app/apps/website/app/api/revalidate/route.ts","statementMap":{"0":{"start":{"line":4,"column":22},"end":{"line":4,"column":27}},"1":{"start":{"line":1,"column":42},"end":{"line":1,"column":null}},"2":{"start":{"line":2,"column":46},"end":{"line":2,"column":null}},"3":{"start":{"line":5,"column":2},"end":{"line":47,"column":null}},"4":{"start":{"line":6,"column":17},"end":{"line":6,"column":null}},"5":{"start":{"line":7,"column":34},"end":{"line":7,"column":null}},"6":{"start":{"line":10,"column":4},"end":{"line":15,"column":null}},"7":{"start":{"line":11,"column":6},"end":{"line":13,"column":null}},"8":{"start":{"line":17,"column":4},"end":{"line":25,"column":null}},"9":{"start":{"line":19,"column":6},"end":{"line":19,"column":null}},"10":{"start":{"line":20,"column":6},"end":{"line":24,"column":null}},"11":{"start":{"line":27,"column":4},"end":{"line":35,"column":null}},"12":{"start":{"line":29,"column":6},"end":{"line":29,"column":null}},"13":{"start":{"line":30,"column":6},"end":{"line":34,"column":null}},"14":{"start":{"line":37,"column":4},"end":{"line":39,"column":null}},"15":{"start":{"line":42,"column":4},"end":{"line":42,"column":null}},"16":{"start":{"line":43,"column":4},"end":{"line":45,"column":null}}},"fnMap":{"0":{"name":"POST","decl":{"start":{"line":4,"column":22},"end":{"line":4,"column":27}},"loc":{"start":{"line":4,"column":47},"end":{"line":48,"column":null}}}},"branchMap":{"0":{"loc":{"start":{"line":10,"column":4},"end":{"line":15,"column":null}},"type":"if","locations":[{"start":{"line":10,"column":4},"end":{"line":15,"column":null}}]},"1":{"loc":{"start":{"line":17,"column":4},"end":{"line":25,"column":null}},"type":"if","locations":[{"start":{"line":17,"column":4},"end":{"line":25,"column":null}}]},"2":{"loc":{"start":{"line":27,"column":4},"end":{"line":35,"column":null}},"type":"if","locations":[{"start":{"line":27,"column":4},"end":{"line":35,"column":null}}]}},"s":{"0":0,"1":0,"2":0,"3":0,"4":0,"5":0,"6":0,"7":0,"8":0,"9":0,"10":0,"11":0,"12":0,"13":0,"14":0,"15":0,"16":0},"f":{"0":0},"b":{"0":[0],"1":[0],"2":[0]}}
,"/app/apps/website/app/blog/page.tsx": {"path":"/app/apps/website/app/blog/page.tsx","statementMap":{"0":{"start":{"line":25,"column":30},"end":{"line":25,"column":39}},"1":{"start":{"line":328,"column":13},"end":{"line":328,"column":23}},"2":{"start":{"line":8,"column":13},"end":{"line":8,"column":34}},"3":{"start":{"line":331,"column":13},"end":{"line":331,"column":26}},"4":{"start":{"line":2,"column":17},"end":{"line":2,"column":null}},"5":{"start":{"line":3,"column":27},"end":{"line":3,"column":null}},"6":{"start":{"line":4,"column":29},"end":{"line":4,"column":null}},"7":{"start":{"line":5,"column":70},"end":{"line":5,"column":null}},"8":{"start":{"line":8,"column":34},"end":{"line":15,"column":null}},"9":{"start":{"line":26,"column":2},"end":{"line":324,"column":null}},"10":{"start":{"line":27,"column":17},"end":{"line":27,"column":null}},"11":{"start":{"line":28,"column":21},"end":{"line":28,"column":42}},"12":{"start":{"line":29,"column":16},"end":{"line":29,"column":32}},"13":{"start":{"line":30,"column":21},"end":{"line":30,"column":null}},"14":{"start":{"line":33,"column":43},"end":{"line":38,"column":null}},"15":{"start":{"line":41,"column":31},"end":{"line":44,"column":null}},"16":{"start":{"line":91,"column":24},"end":{"line":92,"column":null}},"17":{"start":{"line":113,"column":24},"end":{"line":114,"column":null}},"18":{"start":{"line":139,"column":54},"end":{"line":139,"column":76}},"19":{"start":{"line":145,"column":43},"end":{"line":145,"column":60}},"20":{"start":{"line":156,"column":22},"end":{"line":156,"column":42}},"21":{"start":{"line":197,"column":36},"end":{"line":198,"column":null}},"22":{"start":{"line":210,"column":36},"end":{"line":211,"column":null}},"23":{"start":{"line":305,"column":4},"end":{"line":305,"column":null}},"24":{"start":{"line":328,"column":23},"end":{"line":328,"column":null}},"25":{"start":{"line":331,"column":26},"end":{"line":331,"column":31}}},"fnMap":{"0":{"name":"BlogPage","decl":{"start":{"line":25,"column":30},"end":{"line":25,"column":39}},"loc":{"start":{"line":25,"column":70},"end":{"line":325,"column":null}}},"1":{"name":"(anonymous_7)","decl":{"start":{"line":90,"column":38},"end":{"line":90,"column":39}},"loc":{"start":{"line":91,"column":24},"end":{"line":92,"column":null}}},"2":{"name":"(anonymous_8)","decl":{"start":{"line":112,"column":32},"end":{"line":112,"column":33}},"loc":{"start":{"line":113,"column":24},"end":{"line":114,"column":null}}},"3":{"name":"(anonymous_9)","decl":{"start":{"line":139,"column":49},"end":{"line":139,"column":54}},"loc":{"start":{"line":139,"column":54},"end":{"line":139,"column":76}}},"4":{"name":"(anonymous_10)","decl":{"start":{"line":145,"column":38},"end":{"line":145,"column":43}},"loc":{"start":{"line":145,"column":43},"end":{"line":145,"column":60}}},"5":{"name":"(anonymous_11)","decl":{"start":{"line":155,"column":31},"end":{"line":155,"column":32}},"loc":{"start":{"line":156,"column":22},"end":{"line":156,"column":42}}},"6":{"name":"(anonymous_12)","decl":{"start":{"line":196,"column":55},"end":{"line":196,"column":56}},"loc":{"start":{"line":197,"column":36},"end":{"line":198,"column":null}}},"7":{"name":"(anonymous_13)","decl":{"start":{"line":209,"column":61},"end":{"line":209,"column":62}},"loc":{"start":{"line":210,"column":36},"end":{"line":211,"column":null}}}},"branchMap":{"0":{"loc":{"start":{"line":27,"column":26},"end":{"line":27,"column":52}},"type":"binary-expr","locations":[{"start":{"line":27,"column":26},"end":{"line":27,"column":43}},{"start":{"line":27,"column":47},"end":{"line":27,"column":52}}]},"1":{"loc":{"start":{"line":78,"column":17},"end":{"line":78,"column":null}},"type":"binary-expr","locations":[{"start":{"line":78,"column":17},"end":{"line":78,"column":null}}]},"2":{"loc":{"start":{"line":85,"column":26},"end":{"line":85,"column":null}},"type":"cond-expr","locations":[{"start":{"line":85,"column":38},"end":{"line":85,"column":68}},{"start":{"line":85,"column":68},"end":{"line":85,"column":null}}]},"3":{"loc":{"start":{"line":95,"column":28},"end":{"line":97,"column":null}},"type":"cond-expr","locations":[{"start":{"line":96,"column":32},"end":{"line":96,"column":null}},{"start":{"line":97,"column":32},"end":{"line":97,"column":null}}]},"4":{"loc":{"start":{"line":108,"column":17},"end":{"line":108,"column":null}},"type":"binary-expr","locations":[{"start":{"line":108,"column":17},"end":{"line":108,"column":null}}]},"5":{"loc":{"start":{"line":117,"column":28},"end":{"line":119,"column":null}},"type":"cond-expr","locations":[{"start":{"line":118,"column":32},"end":{"line":118,"column":null}},{"start":{"line":119,"column":32},"end":{"line":119,"column":null}}]},"6":{"loc":{"start":{"line":134,"column":16},"end":{"line":134,"column":28}},"type":"binary-expr","locations":[{"start":{"line":134,"column":16},"end":{"line":134,"column":28}},{"start":{"line":134,"column":28},"end":{"line":134,"column":30}}]},"7":{"loc":{"start":{"line":137,"column":19},"end":{"line":137,"column":null}},"type":"binary-expr","locations":[{"start":{"line":137,"column":19},"end":{"line":137,"column":null}}]},"8":{"loc":{"start":{"line":139,"column":33},"end":{"line":139,"column":null}},"type":"binary-expr","locations":[{"start":{"line":139,"column":33},"end":{"line":139,"column":84}},{"start":{"line":139,"column":84},"end":{"line":139,"column":null}}]},"9":{"loc":{"start":{"line":143,"column":19},"end":{"line":143,"column":null}},"type":"binary-expr","locations":[{"start":{"line":143,"column":19},"end":{"line":143,"column":null}}]},"10":{"loc":{"start":{"line":145,"column":28},"end":{"line":145,"column":null}},"type":"binary-expr","locations":[{"start":{"line":145,"column":28},"end":{"line":145,"column":68}},{"start":{"line":145,"column":68},"end":{"line":145,"column":null}}]},"11":{"loc":{"start":{"line":153,"column":16},"end":{"line":282,"column":17}},"type":"cond-expr","locations":[{"start":{"line":153,"column":16},"end":{"line":282,"column":17}}]},"12":{"loc":{"start":{"line":157,"column":25},"end":{"line":157,"column":44}},"type":"binary-expr","locations":[{"start":{"line":157,"column":25},"end":{"line":157,"column":44}}]},"13":{"loc":{"start":{"line":168,"column":44},"end":{"line":168,"column":80}},"type":"binary-expr","locations":[{"start":{"line":168,"column":44},"end":{"line":168,"column":61}},{"start":{"line":168,"column":65},"end":{"line":168,"column":80}}]},"14":{"loc":{"start":{"line":169,"column":40},"end":{"line":169,"column":76}},"type":"binary-expr","locations":[{"start":{"line":169,"column":40},"end":{"line":169,"column":57}},{"start":{"line":169,"column":61},"end":{"line":169,"column":76}}]},"15":{"loc":{"start":{"line":188,"column":29},"end":{"line":188,"column":66}},"type":"binary-expr","locations":[{"start":{"line":188,"column":29},"end":{"line":188,"column":41}},{"start":{"line":188,"column":45},"end":{"line":188,"column":66}}]},"16":{"loc":{"start":{"line":192,"column":28},"end":{"line":192,"column":58}},"type":"binary-expr","locations":[{"start":{"line":192,"column":28},"end":{"line":192,"column":58}},{"start":{"line":192,"column":58},"end":{"line":192,"column":null}}]},"17":{"loc":{"start":{"line":194,"column":31},"end":{"line":194,"column":null}},"type":"binary-expr","locations":[{"start":{"line":194,"column":31},"end":{"line":194,"column":null}}]},"18":{"loc":{"start":{"line":207,"column":31},"end":{"line":207,"column":null}},"type":"binary-expr","locations":[{"start":{"line":207,"column":31},"end":{"line":207,"column":null}}]},"19":{"loc":{"start":{"line":218,"column":35},"end":{"line":218,"column":null}},"type":"binary-expr","locations":[{"start":{"line":218,"column":35},"end":{"line":218,"column":null}}]},"20":{"loc":{"start":{"line":239,"column":20},"end":{"line":239,"column":32}},"type":"binary-expr","locations":[{"start":{"line":239,"column":20},"end":{"line":239,"column":32}},{"start":{"line":239,"column":32},"end":{"line":239,"column":38}}]},"21":{"loc":{"start":{"line":241,"column":23},"end":{"line":241,"column":null}},"type":"binary-expr","locations":[{"start":{"line":241,"column":23},"end":{"line":241,"column":null}}]},"22":{"loc":{"start":{"line":247,"column":36},"end":{"line":247,"column":60}},"type":"binary-expr","locations":[{"start":{"line":247,"column":36},"end":{"line":247,"column":48}},{"start":{"line":247,"column":48},"end":{"line":247,"column":60}}]},"23":{"loc":{"start":{"line":248,"column":36},"end":{"line":248,"column":50}},"type":"binary-expr","locations":[{"start":{"line":248,"column":36},"end":{"line":248,"column":43}},{"start":{"line":248,"column":43},"end":{"line":248,"column":50}}]},"24":{"loc":{"start":{"line":262,"column":23},"end":{"line":262,"column":null}},"type":"binary-expr","locations":[{"start":{"line":262,"column":23},"end":{"line":262,"column":null}}]},"25":{"loc":{"start":{"line":268,"column":36},"end":{"line":268,"column":60}},"type":"binary-expr","locations":[{"start":{"line":268,"column":36},"end":{"line":268,"column":48}},{"start":{"line":268,"column":48},"end":{"line":268,"column":60}}]},"26":{"loc":{"start":{"line":269,"column":36},"end":{"line":269,"column":50}},"type":"binary-expr","locations":[{"start":{"line":269,"column":36},"end":{"line":269,"column":43}},{"start":{"line":269,"column":43},"end":{"line":269,"column":50}}]},"27":{"loc":{"start":{"line":284,"column":21},"end":{"line":284,"column":null}},"type":"cond-expr","locations":[{"start":{"line":284,"column":39},"end":{"line":284,"column":58}},{"start":{"line":284,"column":58},"end":{"line":284,"column":null}}]},"28":{"loc":{"start":{"line":284,"column":21},"end":{"line":284,"column":39}},"type":"binary-expr","locations":[{"start":{"line":284,"column":21},"end":{"line":284,"column":33}},{"start":{"line":284,"column":33},"end":{"line":284,"column":39}}]},"29":{"loc":{"start":{"line":287,"column":21},"end":{"line":289,"column":null}},"type":"cond-expr","locations":[{"start":{"line":288,"column":24},"end":{"line":288,"column":null}},{"start":{"line":289,"column":24},"end":{"line":289,"column":null}}]},"30":{"loc":{"start":{"line":287,"column":21},"end":{"line":287,"column":null}},"type":"binary-expr","locations":[{"start":{"line":287,"column":21},"end":{"line":287,"column":33}},{"start":{"line":287,"column":33},"end":{"line":287,"column":null}}]},"31":{"loc":{"start":{"line":293,"column":32},"end":{"line":293,"column":null}},"type":"cond-expr","locations":[{"start":{"line":293,"column":50},"end":{"line":293,"column":60}},{"start":{"line":293,"column":60},"end":{"line":293,"column":null}}]},"32":{"loc":{"start":{"line":293,"column":32},"end":{"line":293,"column":50}},"type":"binary-expr","locations":[{"start":{"line":293,"column":32},"end":{"line":293,"column":44}},{"start":{"line":293,"column":44},"end":{"line":293,"column":50}}]},"33":{"loc":{"start":{"line":294,"column":23},"end":{"line":294,"column":null}},"type":"cond-expr","locations":[{"start":{"line":294,"column":41},"end":{"line":294,"column":60}},{"start":{"line":294,"column":60},"end":{"line":294,"column":null}}]},"34":{"loc":{"start":{"line":294,"column":23},"end":{"line":294,"column":41}},"type":"binary-expr","locations":[{"start":{"line":294,"column":23},"end":{"line":294,"column":35}},{"start":{"line":294,"column":35},"end":{"line":294,"column":41}}]}},"s":{"0":0,"1":0,"2":0,"3":0,"4":0,"5":0,"6":0,"7":0,"8":0,"9":0,"10":0,"11":0,"12":0,"13":0,"14":0,"15":0,"16":0,"17":0,"18":0,"19":0,"20":0,"21":0,"22":0,"23":0,"24":0,"25":0},"f":{"0":0,"1":0,"2":0,"3":0,"4":0,"5":0,"6":0,"7":0},"b":{"0":[0,0],"1":[0],"2":[0,0],"3":[0,0],"4":[0],"5":[0,0],"6":[0,0],"7":[0],"8":[0,0],"9":[0],"10":[0,0],"11":[0],"12":[0],"13":[0,0],"14":[0,0],"15":[0,0],"16":[0,0],"17":[0],"18":[0],"19":[0],"20":[0,0],"21":[0],"22":[0,0],"23":[0,0],"24":[0],"25":[0,0],"26":[0,0],"27":[0,0],"28":[0,0],"29":[0,0],"30":[0,0],"31":[0,0],"32":[0,0],"33":[0,0],"34":[0,0]}}
,"/app/apps/website/app/blog/[slug]/page.tsx": {"path":"/app/apps/website/app/blog/[slug]/page.tsx","statementMap":{"0":{"start":{"line":61,"column":30},"end":{"line":61,"column":43}},"1":{"start":{"line":16,"column":22},"end":{"line":16,"column":39}},"2":{"start":{"line":240,"column":13},"end":{"line":240,"column":26}},"3":{"start":{"line":2,"column":17},"end":{"line":2,"column":null}},"4":{"start":{"line":3,"column":25},"end":{"line":3,"column":null}},"5":{"start":{"line":4,"column":27},"end":{"line":4,"column":null}},"6":{"start":{"line":5,"column":23},"end":{"line":5,"column":null}},"7":{"start":{"line":6,"column":32},"end":{"line":6,"column":null}},"8":{"start":{"line":7,"column":55},"end":{"line":7,"column":null}},"9":{"start":{"line":17,"column":2},"end":{"line":58,"column":null}},"10":{"start":{"line":18,"column":17},"end":{"line":18,"column":null}},"11":{"start":{"line":20,"column":4},"end":{"line":24,"column":null}},"12":{"start":{"line":21,"column":6},"end":{"line":23,"column":null}},"13":{"start":{"line":26,"column":4},"end":{"line":53,"column":null}},"14":{"start":{"line":55,"column":4},"end":{"line":57,"column":null}},"15":{"start":{"line":62,"column":2},"end":{"line":236,"column":null}},"16":{"start":{"line":63,"column":17},"end":{"line":63,"column":null}},"17":{"start":{"line":65,"column":4},"end":{"line":67,"column":null}},"18":{"start":{"line":66,"column":6},"end":{"line":66,"column":null}},"19":{"start":{"line":70,"column":25},"end":{"line":70,"column":null}},"20":{"start":{"line":100,"column":18},"end":{"line":101,"column":null}},"21":{"start":{"line":176,"column":18},"end":{"line":177,"column":null}},"22":{"start":{"line":194,"column":18},"end":{"line":194,"column":48}},"23":{"start":{"line":234,"column":4},"end":{"line":234,"column":null}},"24":{"start":{"line":235,"column":4},"end":{"line":235,"column":null}},"25":{"start":{"line":240,"column":26},"end":{"line":240,"column":31}}},"fnMap":{"0":{"name":"generateMetadata","decl":{"start":{"line":16,"column":22},"end":{"line":16,"column":39}},"loc":{"start":{"line":16,"column":68},"end":{"line":59,"column":null}}},"1":{"name":"BlogPostPage","decl":{"start":{"line":61,"column":30},"end":{"line":61,"column":43}},"loc":{"start":{"line":61,"column":72},"end":{"line":237,"column":null}}},"2":{"name":"(anonymous_7)","decl":{"start":{"line":99,"column":37},"end":{"line":99,"column":38}},"loc":{"start":{"line":100,"column":18},"end":{"line":101,"column":null}}},"3":{"name":"(anonymous_8)","decl":{"start":{"line":175,"column":31},"end":{"line":175,"column":32}},"loc":{"start":{"line":176,"column":18},"end":{"line":177,"column":null}}},"4":{"name":"(anonymous_9)","decl":{"start":{"line":193,"column":34},"end":{"line":193,"column":35}},"loc":{"start":{"line":194,"column":18},"end":{"line":194,"column":48}}}},"branchMap":{"0":{"loc":{"start":{"line":20,"column":4},"end":{"line":24,"column":null}},"type":"if","locations":[{"start":{"line":20,"column":4},"end":{"line":24,"column":null}}]},"1":{"loc":{"start":{"line":27,"column":13},"end":{"line":27,"column":42}},"type":"binary-expr","locations":[{"start":{"line":27,"column":13},"end":{"line":27,"column":28}},{"start":{"line":27,"column":32},"end":{"line":27,"column":42}}]},"2":{"loc":{"start":{"line":28,"column":19},"end":{"line":28,"column":56}},"type":"binary-expr","locations":[{"start":{"line":28,"column":19},"end":{"line":28,"column":40}},{"start":{"line":28,"column":44},"end":{"line":28,"column":56}}]},"3":{"loc":{"start":{"line":30,"column":15},"end":{"line":30,"column":44}},"type":"binary-expr","locations":[{"start":{"line":30,"column":15},"end":{"line":30,"column":30}},{"start":{"line":30,"column":34},"end":{"line":30,"column":44}}]},"4":{"loc":{"start":{"line":31,"column":21},"end":{"line":31,"column":58}},"type":"binary-expr","locations":[{"start":{"line":31,"column":21},"end":{"line":31,"column":42}},{"start":{"line":31,"column":46},"end":{"line":31,"column":58}}]},"5":{"loc":{"start":{"line":33,"column":23},"end":{"line":33,"column":59}},"type":"binary-expr","locations":[{"start":{"line":33,"column":23},"end":{"line":33,"column":40}},{"start":{"line":33,"column":44},"end":{"line":33,"column":59}}]},"6":{"loc":{"start":{"line":36,"column":12},"end":{"line":43,"column":9}},"type":"binary-expr","locations":[{"start":{"line":36,"column":12},"end":{"line":36,"column":31}},{"start":{"line":36,"column":35},"end":{"line":43,"column":9}}]},"7":{"loc":{"start":{"line":47,"column":15},"end":{"line":47,"column":44}},"type":"binary-expr","locations":[{"start":{"line":47,"column":15},"end":{"line":47,"column":30}},{"start":{"line":47,"column":34},"end":{"line":47,"column":44}}]},"8":{"loc":{"start":{"line":48,"column":21},"end":{"line":48,"column":58}},"type":"binary-expr","locations":[{"start":{"line":48,"column":21},"end":{"line":48,"column":42}},{"start":{"line":48,"column":46},"end":{"line":48,"column":58}}]},"9":{"loc":{"start":{"line":49,"column":12},"end":{"line":51,"column":9}},"type":"binary-expr","locations":[{"start":{"line":49,"column":12},"end":{"line":49,"column":31}},{"start":{"line":49,"column":35},"end":{"line":51,"column":9}}]},"10":{"loc":{"start":{"line":65,"column":4},"end":{"line":67,"column":null}},"type":"if","locations":[{"start":{"line":65,"column":4},"end":{"line":67,"column":null}}]},"11":{"loc":{"start":{"line":97,"column":13},"end":{"line":97,"column":null}},"type":"binary-expr","locations":[{"start":{"line":97,"column":13},"end":{"line":97,"column":null}}]},"12":{"loc":{"start":{"line":117,"column":13},"end":{"line":117,"column":25}},"type":"binary-expr","locations":[{"start":{"line":117,"column":13},"end":{"line":117,"column":25}}]},"13":{"loc":{"start":{"line":131,"column":30},"end":{"line":131,"column":66}},"type":"binary-expr","locations":[{"start":{"line":131,"column":30},"end":{"line":131,"column":47}},{"start":{"line":131,"column":51},"end":{"line":131,"column":66}}]},"14":{"loc":{"start":{"line":134,"column":30},"end":{"line":134,"column":66}},"type":"binary-expr","locations":[{"start":{"line":134,"column":30},"end":{"line":134,"column":47}},{"start":{"line":134,"column":51},"end":{"line":134,"column":66}}]},"15":{"loc":{"start":{"line":155,"column":11},"end":{"line":155,"column":30}},"type":"binary-expr","locations":[{"start":{"line":155,"column":11},"end":{"line":155,"column":30}}]},"16":{"loc":{"start":{"line":171,"column":11},"end":{"line":171,"column":null}},"type":"binary-expr","locations":[{"start":{"line":171,"column":11},"end":{"line":171,"column":null}}]},"17":{"loc":{"start":{"line":189,"column":11},"end":{"line":189,"column":null}},"type":"binary-expr","locations":[{"start":{"line":189,"column":11},"end":{"line":189,"column":null}}]},"18":{"loc":{"start":{"line":195,"column":21},"end":{"line":195,"column":47}},"type":"binary-expr","locations":[{"start":{"line":195,"column":21},"end":{"line":195,"column":47}}]},"19":{"loc":{"start":{"line":213,"column":23},"end":{"line":213,"column":74}},"type":"binary-expr","locations":[{"start":{"line":213,"column":23},"end":{"line":213,"column":42}},{"start":{"line":213,"column":46},"end":{"line":213,"column":74}}]},"20":{"loc":{"start":{"line":216,"column":32},"end":{"line":216,"column":82}},"type":"binary-expr","locations":[{"start":{"line":216,"column":32},"end":{"line":216,"column":56}},{"start":{"line":216,"column":60},"end":{"line":216,"column":82}}]},"21":{"loc":{"start":{"line":219,"column":32},"end":{"line":219,"column":82}},"type":"binary-expr","locations":[{"start":{"line":219,"column":32},"end":{"line":219,"column":56}},{"start":{"line":219,"column":60},"end":{"line":219,"column":82}}]}},"s":{"0":0,"1":0,"2":0,"3":0,"4":0,"5":0,"6":0,"7":0,"8":0,"9":0,"10":0,"11":0,"12":0,"13":0,"14":0,"15":0,"16":0,"17":0,"18":0,"19":0,"20":0,"21":0,"22":0,"23":0,"24":0,"25":0},"f":{"0":0,"1":0,"2":0,"3":0,"4":0},"b":{"0":[0],"1":[0,0],"2":[0,0],"3":[0,0],"4":[0,0],"5":[0,0],"6":[0,0],"7":[0,0],"8":[0,0],"9":[0,0],"10":[0],"11":[0],"12":[0],"13":[0,0],"14":[0,0],"15":[0],"16":[0],"17":[0],"18":[0],"19":[0,0],"20":[0,0],"21":[0,0]}}
,"/app/apps/website/app/blog/rss/route.ts": {"path":"/app/apps/website/app/blog/rss/route.ts","statementMap":{"0":{"start":{"line":4,"column":22},"end":{"line":4,"column":null}},"1":{"start":{"line":26,"column":13},"end":{"line":26,"column":26}},"2":{"start":{"line":1,"column":29},"end":{"line":1,"column":null}},"3":{"start":{"line":2,"column":31},"end":{"line":2,"column":null}},"4":{"start":{"line":5,"column":2},"end":{"line":22,"column":null}},"5":{"start":{"line":6,"column":23},"end":{"line":6,"column":null}},"6":{"start":{"line":8,"column":4},"end":{"line":10,"column":null}},"7":{"start":{"line":9,"column":6},"end":{"line":9,"column":null}},"8":{"start":{"line":12,"column":4},"end":{"line":18,"column":null}},"9":{"start":{"line":20,"column":4},"end":{"line":20,"column":null}},"10":{"start":{"line":21,"column":4},"end":{"line":21,"column":null}},"11":{"start":{"line":26,"column":26},"end":{"line":26,"column":32}}},"fnMap":{"0":{"name":"GET","decl":{"start":{"line":4,"column":22},"end":{"line":4,"column":null}},"loc":{"start":{"line":4,"column":22},"end":{"line":23,"column":null}}}},"branchMap":{"0":{"loc":{"start":{"line":8,"column":4},"end":{"line":10,"column":null}},"type":"if","locations":[{"start":{"line":8,"column":4},"end":{"line":10,"column":null}}]}},"s":{"0":0,"1":0,"2":0,"3":0,"4":0,"5":0,"6":0,"7":0,"8":0,"9":0,"10":0,"11":0},"f":{"0":0},"b":{"0":[0]}}
,"/app/apps/website/app/blog/search/page.tsx": {"path":"/app/apps/website/app/blog/search/page.tsx","statementMap":{"0":{"start":{"line":20,"column":30},"end":{"line":20,"column":45}},"1":{"start":{"line":8,"column":13},"end":{"line":8,"column":34}},"2":{"start":{"line":249,"column":13},"end":{"line":249,"column":26}},"3":{"start":{"line":2,"column":17},"end":{"line":2,"column":null}},"4":{"start":{"line":3,"column":27},"end":{"line":3,"column":null}},"5":{"start":{"line":4,"column":29},"end":{"line":4,"column":null}},"6":{"start":{"line":5,"column":32},"end":{"line":5,"column":null}},"7":{"start":{"line":8,"column":34},"end":{"line":11,"column":null}},"8":{"start":{"line":21,"column":16},"end":{"line":21,"column":null}},"9":{"start":{"line":22,"column":15},"end":{"line":22,"column":null}},"10":{"start":{"line":23,"column":19},"end":{"line":23,"column":null}},"11":{"start":{"line":25,"column":26},"end":{"line":25,"column":28}},"12":{"start":{"line":26,"column":16},"end":{"line":26,"column":null}},"13":{"start":{"line":27,"column":19},"end":{"line":27,"column":null}},"14":{"start":{"line":29,"column":2},"end":{"line":38,"column":null}},"15":{"start":{"line":30,"column":4},"end":{"line":37,"column":null}},"16":{"start":{"line":31,"column":21},"end":{"line":31,"column":null}},"17":{"start":{"line":32,"column":6},"end":{"line":32,"column":null}},"18":{"start":{"line":33,"column":6},"end":{"line":33,"column":null}},"19":{"start":{"line":34,"column":6},"end":{"line":34,"column":null}},"20":{"start":{"line":36,"column":6},"end":{"line":36,"column":null}},"21":{"start":{"line":89,"column":20},"end":{"line":89,"column":40}},"22":{"start":{"line":130,"column":34},"end":{"line":131,"column":null}},"23":{"start":{"line":143,"column":34},"end":{"line":144,"column":null}},"24":{"start":{"line":249,"column":26},"end":{"line":249,"column":31}}},"fnMap":{"0":{"name":"BlogSearchPage","decl":{"start":{"line":20,"column":30},"end":{"line":20,"column":45}},"loc":{"start":{"line":20,"column":82},"end":{"line":246,"column":null}}},"1":{"name":"(anonymous_6)","decl":{"start":{"line":88,"column":29},"end":{"line":88,"column":30}},"loc":{"start":{"line":89,"column":20},"end":{"line":89,"column":40}}},"2":{"name":"(anonymous_7)","decl":{"start":{"line":129,"column":53},"end":{"line":129,"column":54}},"loc":{"start":{"line":130,"column":34},"end":{"line":131,"column":null}}},"3":{"name":"(anonymous_8)","decl":{"start":{"line":142,"column":59},"end":{"line":142,"column":60}},"loc":{"start":{"line":143,"column":34},"end":{"line":144,"column":null}}}},"branchMap":{"0":{"loc":{"start":{"line":21,"column":16},"end":{"line":21,"column":null}},"type":"binary-expr","locations":[{"start":{"line":21,"column":16},"end":{"line":21,"column":30}},{"start":{"line":21,"column":34},"end":{"line":21,"column":null}}]},"1":{"loc":{"start":{"line":22,"column":24},"end":{"line":22,"column":50}},"type":"binary-expr","locations":[{"start":{"line":22,"column":24},"end":{"line":22,"column":41}},{"start":{"line":22,"column":45},"end":{"line":22,"column":50}}]},"2":{"loc":{"start":{"line":29,"column":2},"end":{"line":38,"column":null}},"type":"if","locations":[{"start":{"line":29,"column":2},"end":{"line":38,"column":null}}]},"3":{"loc":{"start":{"line":69,"column":10},"end":{"line":229,"column":11}},"type":"cond-expr","locations":[{"start":{"line":69,"column":10},"end":{"line":229,"column":11}}]},"4":{"loc":{"start":{"line":73,"column":17},"end":{"line":75,"column":53}},"type":"cond-expr","locations":[{"start":{"line":74,"column":20},"end":{"line":74,"column":93}},{"start":{"line":75,"column":20},"end":{"line":75,"column":53}}]},"5":{"loc":{"start":{"line":74,"column":49},"end":{"line":74,"column":77}},"type":"cond-expr","locations":[{"start":{"line":74,"column":68},"end":{"line":74,"column":73}},{"start":{"line":74,"column":73},"end":{"line":74,"column":77}}]},"6":{"loc":{"start":{"line":78,"column":15},"end":{"line":78,"column":null}},"type":"binary-expr","locations":[{"start":{"line":78,"column":15},"end":{"line":78,"column":null}}]},"7":{"loc":{"start":{"line":86,"column":14},"end":{"line":213,"column":15}},"type":"cond-expr","locations":[{"start":{"line":86,"column":14},"end":{"line":213,"column":15}}]},"8":{"loc":{"start":{"line":90,"column":23},"end":{"line":90,"column":42}},"type":"binary-expr","locations":[{"start":{"line":90,"column":23},"end":{"line":90,"column":42}}]},"9":{"loc":{"start":{"line":101,"column":42},"end":{"line":101,"column":78}},"type":"binary-expr","locations":[{"start":{"line":101,"column":42},"end":{"line":101,"column":59}},{"start":{"line":101,"column":63},"end":{"line":101,"column":78}}]},"10":{"loc":{"start":{"line":102,"column":38},"end":{"line":102,"column":74}},"type":"binary-expr","locations":[{"start":{"line":102,"column":38},"end":{"line":102,"column":55}},{"start":{"line":102,"column":59},"end":{"line":102,"column":74}}]},"11":{"loc":{"start":{"line":121,"column":27},"end":{"line":121,"column":64}},"type":"binary-expr","locations":[{"start":{"line":121,"column":27},"end":{"line":121,"column":39}},{"start":{"line":121,"column":43},"end":{"line":121,"column":64}}]},"12":{"loc":{"start":{"line":125,"column":26},"end":{"line":125,"column":56}},"type":"binary-expr","locations":[{"start":{"line":125,"column":26},"end":{"line":125,"column":56}},{"start":{"line":125,"column":56},"end":{"line":125,"column":null}}]},"13":{"loc":{"start":{"line":127,"column":29},"end":{"line":127,"column":null}},"type":"binary-expr","locations":[{"start":{"line":127,"column":29},"end":{"line":127,"column":null}}]},"14":{"loc":{"start":{"line":140,"column":29},"end":{"line":140,"column":null}},"type":"binary-expr","locations":[{"start":{"line":140,"column":29},"end":{"line":140,"column":null}}]},"15":{"loc":{"start":{"line":151,"column":33},"end":{"line":151,"column":null}},"type":"binary-expr","locations":[{"start":{"line":151,"column":33},"end":{"line":151,"column":null}}]},"16":{"loc":{"start":{"line":172,"column":18},"end":{"line":172,"column":30}},"type":"binary-expr","locations":[{"start":{"line":172,"column":18},"end":{"line":172,"column":30}},{"start":{"line":172,"column":30},"end":{"line":172,"column":36}}]},"17":{"loc":{"start":{"line":174,"column":21},"end":{"line":174,"column":null}},"type":"binary-expr","locations":[{"start":{"line":174,"column":21},"end":{"line":174,"column":null}}]},"18":{"loc":{"start":{"line":194,"column":21},"end":{"line":194,"column":null}},"type":"binary-expr","locations":[{"start":{"line":194,"column":21},"end":{"line":194,"column":null}}]}},"s":{"0":0,"1":0,"2":0,"3":0,"4":0,"5":0,"6":0,"7":0,"8":0,"9":0,"10":0,"11":0,"12":0,"13":0,"14":0,"15":0,"16":0,"17":0,"18":0,"19":0,"20":0,"21":0,"22":0,"23":0,"24":0},"f":{"0":0,"1":0,"2":0,"3":0},"b":{"0":[0,0],"1":[0,0],"2":[0],"3":[0],"4":[0,0],"5":[0,0],"6":[0],"7":[0],"8":[0],"9":[0,0],"10":[0,0],"11":[0,0],"12":[0,0],"13":[0],"14":[0],"15":[0],"16":[0,0],"17":[0],"18":[0]}}
,"/app/apps/website/app/contact/page.tsx": {"path":"/app/apps/website/app/contact/page.tsx","statementMap":{"0":{"start":{"line":7,"column":24},"end":{"line":7,"column":null}},"1":{"start":{"line":3,"column":27},"end":{"line":3,"column":null}},"2":{"start":{"line":4,"column":21},"end":{"line":4,"column":null}},"3":{"start":{"line":5,"column":28},"end":{"line":5,"column":null}},"4":{"start":{"line":9,"column":22},"end":{"line":25,"column":null}},"5":{"start":{"line":64,"column":20},"end":{"line":64,"column":43}}},"fnMap":{"0":{"name":"ContactPage","decl":{"start":{"line":7,"column":24},"end":{"line":7,"column":null}},"loc":{"start":{"line":7,"column":24},"end":{"line":151,"column":null}}},"1":{"name":"(anonymous_2)","decl":{"start":{"line":63,"column":35},"end":{"line":63,"column":36}},"loc":{"start":{"line":64,"column":20},"end":{"line":64,"column":43}}}},"branchMap":{},"s":{"0":0,"1":0,"2":0,"3":0,"4":0,"5":0},"f":{"0":0,"1":0},"b":{}}
,"/app/apps/website/app/services/page.tsx": {"path":"/app/apps/website/app/services/page.tsx","statementMap":{"0":{"start":{"line":10,"column":24},"end":{"line":10,"column":null}},"1":{"start":{"line":5,"column":13},"end":{"line":5,"column":24}},"2":{"start":{"line":1,"column":17},"end":{"line":1,"column":null}},"3":{"start":{"line":2,"column":27},"end":{"line":2,"column":null}},"4":{"start":{"line":3,"column":29},"end":{"line":3,"column":null}},"5":{"start":{"line":5,"column":24},"end":{"line":8,"column":null}},"6":{"start":{"line":11,"column":19},"end":{"line":48,"column":null}},"7":{"start":{"line":50,"column":23},"end":{"line":71,"column":null}},"8":{"start":{"line":104,"column":16},"end":{"line":105,"column":null}},"9":{"start":{"line":128,"column":22},"end":{"line":128,"column":40}},"10":{"start":{"line":170,"column":16},"end":{"line":170,"column":42}},"11":{"start":{"line":177,"column":22},"end":{"line":177,"column":37}}},"fnMap":{"0":{"name":"ServicesPage","decl":{"start":{"line":10,"column":24},"end":{"line":10,"column":null}},"loc":{"start":{"line":10,"column":24},"end":{"line":209,"column":null}}},"1":{"name":"(anonymous_5)","decl":{"start":{"line":103,"column":28},"end":{"line":103,"column":29}},"loc":{"start":{"line":104,"column":16},"end":{"line":105,"column":null}}},"2":{"name":"(anonymous_6)","decl":{"start":{"line":127,"column":42},"end":{"line":127,"column":43}},"loc":{"start":{"line":128,"column":22},"end":{"line":128,"column":40}}},"3":{"name":"(anonymous_7)","decl":{"start":{"line":169,"column":32},"end":{"line":169,"column":33}},"loc":{"start":{"line":170,"column":16},"end":{"line":170,"column":42}}},"4":{"name":"(anonymous_8)","decl":{"start":{"line":176,"column":36},"end":{"line":176,"column":37}},"loc":{"start":{"line":177,"column":22},"end":{"line":177,"column":37}}}},"branchMap":{"0":{"loc":{"start":{"line":106,"column":45},"end":{"line":106,"column":91}},"type":"cond-expr","locations":[{"start":{"line":106,"column":63},"end":{"line":106,"column":87}},{"start":{"line":106,"column":87},"end":{"line":106,"column":91}}]},"1":{"loc":{"start":{"line":108,"column":19},"end":{"line":108,"column":34}},"type":"binary-expr","locations":[{"start":{"line":108,"column":19},"end":{"line":108,"column":34}}]}},"s":{"0":0,"1":0,"2":0,"3":0,"4":0,"5":0,"6":0,"7":0,"8":0,"9":0,"10":0,"11":0},"f":{"0":0,"1":0,"2":0,"3":0,"4":0},"b":{"0":[0,0],"1":[0]}}
,"/app/apps/website/components/content-renderer.tsx": {"path":"/app/apps/website/components/content-renderer.tsx","statementMap":{"0":{"start":{"line":245,"column":16},"end":{"line":245,"column":32}},"1":{"start":{"line":1,"column":18},"end":{"line":1,"column":null}},"2":{"start":{"line":2,"column":18},"end":{"line":2,"column":null}},"3":{"start":{"line":3,"column":17},"end":{"line":3,"column":null}},"4":{"start":{"line":4,"column":29},"end":{"line":4,"column":null}},"5":{"start":{"line":17,"column":55},"end":{"line":17,"column":65}},"6":{"start":{"line":56,"column":42},"end":{"line":56,"column":52}},"7":{"start":{"line":58,"column":27},"end":{"line":62,"column":null}},"8":{"start":{"line":72,"column":47},"end":{"line":72,"column":57}},"9":{"start":{"line":95,"column":40},"end":{"line":95,"column":50}},"10":{"start":{"line":97,"column":85},"end":{"line":97,"column":87}},"11":{"start":{"line":99,"column":2},"end":{"line":103,"column":null}},"12":{"start":{"line":100,"column":4},"end":{"line":100,"column":null}},"13":{"start":{"line":102,"column":4},"end":{"line":102,"column":null}},"14":{"start":{"line":125,"column":14},"end":{"line":125,"column":32}},"15":{"start":{"line":145,"column":139},"end":{"line":145,"column":149}},"16":{"start":{"line":180,"column":43},"end":{"line":180,"column":53}},"17":{"start":{"line":197,"column":56},"end":{"line":197,"column":66}},"18":{"start":{"line":217,"column":2},"end":{"line":241,"column":null}},"19":{"start":{"line":233,"column":6},"end":{"line":233,"column":null}},"20":{"start":{"line":246,"column":2},"end":{"line":252,"column":null}},"21":{"start":{"line":257,"column":8},"end":{"line":257,"column":25}}},"fnMap":{"0":{"name":"HeroBlockRenderer","decl":{"start":{"line":16,"column":9},"end":{"line":16,"column":27}},"loc":{"start":{"line":16,"column":56},"end":{"line":53,"column":null}}},"1":{"name":"TextBlockRenderer","decl":{"start":{"line":55,"column":9},"end":{"line":55,"column":27}},"loc":{"start":{"line":55,"column":56},"end":{"line":69,"column":null}}},"2":{"name":"ImageBlockRenderer","decl":{"start":{"line":71,"column":9},"end":{"line":71,"column":28}},"loc":{"start":{"line":71,"column":57},"end":{"line":92,"column":null}}},"3":{"name":"FeatureGridRenderer","decl":{"start":{"line":94,"column":9},"end":{"line":94,"column":29}},"loc":{"start":{"line":94,"column":58},"end":{"line":142,"column":null}}},"4":{"name":"(anonymous_6)","decl":{"start":{"line":124,"column":32},"end":{"line":124,"column":33}},"loc":{"start":{"line":125,"column":14},"end":{"line":125,"column":32}}},"5":{"name":"CallToActionRenderer","decl":{"start":{"line":144,"column":9},"end":{"line":144,"column":30}},"loc":{"start":{"line":144,"column":59},"end":{"line":177,"column":null}}},"6":{"name":"QuoteRenderer","decl":{"start":{"line":179,"column":9},"end":{"line":179,"column":23}},"loc":{"start":{"line":179,"column":52},"end":{"line":194,"column":null}}},"7":{"name":"VideoRenderer","decl":{"start":{"line":196,"column":9},"end":{"line":196,"column":23}},"loc":{"start":{"line":196,"column":52},"end":{"line":213,"column":null}}},"8":{"name":"BlockRenderer","decl":{"start":{"line":216,"column":9},"end":{"line":216,"column":23}},"loc":{"start":{"line":216,"column":52},"end":{"line":242,"column":null}}},"9":{"name":"ContentRenderer","decl":{"start":{"line":245,"column":16},"end":{"line":245,"column":32}},"loc":{"start":{"line":245,"column":65},"end":{"line":263,"column":null}}},"10":{"name":"(anonymous_12)","decl":{"start":{"line":256,"column":26},"end":{"line":256,"column":27}},"loc":{"start":{"line":257,"column":8},"end":{"line":257,"column":25}}}},"branchMap":{"0":{"loc":{"start":{"line":26,"column":11},"end":{"line":26,"column":null}},"type":"binary-expr","locations":[{"start":{"line":26,"column":11},"end":{"line":26,"column":null}}]},"1":{"loc":{"start":{"line":31,"column":11},"end":{"line":31,"column":22}},"type":"binary-expr","locations":[{"start":{"line":31,"column":11},"end":{"line":31,"column":22}},{"start":{"line":31,"column":22},"end":{"line":31,"column":null}}]},"2":{"loc":{"start":{"line":40,"column":7},"end":{"line":40,"column":null}},"type":"binary-expr","locations":[{"start":{"line":40,"column":7},"end":{"line":40,"column":null}}]},"3":{"loc":{"start":{"line":56,"column":19},"end":{"line":56,"column":37}},"type":"default-arg","locations":[{"start":{"line":56,"column":31},"end":{"line":56,"column":37}}]},"4":{"loc":{"start":{"line":65,"column":49},"end":{"line":65,"column":126}},"type":"binary-expr","locations":[{"start":{"line":65,"column":49},"end":{"line":65,"column":109}},{"start":{"line":65,"column":113},"end":{"line":65,"column":126}}]},"5":{"loc":{"start":{"line":79,"column":15},"end":{"line":79,"column":null}},"type":"binary-expr","locations":[{"start":{"line":79,"column":15},"end":{"line":79,"column":22}},{"start":{"line":79,"column":22},"end":{"line":79,"column":null}}]},"6":{"loc":{"start":{"line":80,"column":17},"end":{"line":80,"column":null}},"type":"binary-expr","locations":[{"start":{"line":80,"column":17},"end":{"line":80,"column":36}},{"start":{"line":80,"column":36},"end":{"line":80,"column":null}}]},"7":{"loc":{"start":{"line":81,"column":18},"end":{"line":81,"column":null}},"type":"binary-expr","locations":[{"start":{"line":81,"column":18},"end":{"line":81,"column":38}},{"start":{"line":81,"column":38},"end":{"line":81,"column":null}}]},"8":{"loc":{"start":{"line":85,"column":7},"end":{"line":85,"column":null}},"type":"binary-expr","locations":[{"start":{"line":85,"column":7},"end":{"line":85,"column":null}}]},"9":{"loc":{"start":{"line":100,"column":32},"end":{"line":100,"column":null}},"type":"binary-expr","locations":[{"start":{"line":100,"column":32},"end":{"line":100,"column":44}},{"start":{"line":100,"column":44},"end":{"line":100,"column":null}}]},"10":{"loc":{"start":{"line":108,"column":10},"end":{"line":108,"column":19}},"type":"binary-expr","locations":[{"start":{"line":108,"column":10},"end":{"line":108,"column":19}},{"start":{"line":108,"column":19},"end":{"line":108,"column":26}}]},"11":{"loc":{"start":{"line":110,"column":13},"end":{"line":110,"column":null}},"type":"binary-expr","locations":[{"start":{"line":110,"column":13},"end":{"line":110,"column":null}}]},"12":{"loc":{"start":{"line":115,"column":13},"end":{"line":115,"column":null}},"type":"binary-expr","locations":[{"start":{"line":115,"column":13},"end":{"line":115,"column":null}}]},"13":{"loc":{"start":{"line":126,"column":17},"end":{"line":126,"column":29}},"type":"binary-expr","locations":[{"start":{"line":126,"column":17},"end":{"line":126,"column":29}}]},"14":{"loc":{"start":{"line":145,"column":107},"end":{"line":145,"column":134}},"type":"default-arg","locations":[{"start":{"line":145,"column":125},"end":{"line":145,"column":134}}]},"15":{"loc":{"start":{"line":151,"column":11},"end":{"line":151,"column":null}},"type":"binary-expr","locations":[{"start":{"line":151,"column":11},"end":{"line":151,"column":null}}]},"16":{"loc":{"start":{"line":156,"column":11},"end":{"line":156,"column":null}},"type":"binary-expr","locations":[{"start":{"line":156,"column":11},"end":{"line":156,"column":null}}]},"17":{"loc":{"start":{"line":162,"column":13},"end":{"line":162,"column":34}},"type":"binary-expr","locations":[{"start":{"line":162,"column":13},"end":{"line":162,"column":34}},{"start":{"line":162,"column":34},"end":{"line":162,"column":null}}]},"18":{"loc":{"start":{"line":167,"column":13},"end":{"line":167,"column":36}},"type":"binary-expr","locations":[{"start":{"line":167,"column":13},"end":{"line":167,"column":36}},{"start":{"line":167,"column":36},"end":{"line":167,"column":null}}]},"19":{"loc":{"start":{"line":185,"column":7},"end":{"line":185,"column":null}},"type":"binary-expr","locations":[{"start":{"line":185,"column":7},"end":{"line":185,"column":null}}]},"20":{"loc":{"start":{"line":188,"column":11},"end":{"line":188,"column":19}},"type":"binary-expr","locations":[{"start":{"line":188,"column":11},"end":{"line":188,"column":19}}]},"21":{"loc":{"start":{"line":189,"column":11},"end":{"line":189,"column":22}},"type":"binary-expr","locations":[{"start":{"line":189,"column":11},"end":{"line":189,"column":22}}]},"22":{"loc":{"start":{"line":197,"column":22},"end":{"line":197,"column":35}},"type":"default-arg","locations":[{"start":{"line":197,"column":30},"end":{"line":197,"column":35}}]},"23":{"loc":{"start":{"line":197,"column":37},"end":{"line":197,"column":51}},"type":"default-arg","locations":[{"start":{"line":197,"column":46},"end":{"line":197,"column":51}}]},"24":{"loc":{"start":{"line":204,"column":17},"end":{"line":204,"column":null}},"type":"binary-expr","locations":[{"start":{"line":204,"column":17},"end":{"line":204,"column":26}},{"start":{"line":204,"column":26},"end":{"line":204,"column":null}}]},"25":{"loc":{"start":{"line":246,"column":2},"end":{"line":252,"column":null}},"type":"if","locations":[{"start":{"line":246,"column":2},"end":{"line":252,"column":null}}]},"26":{"loc":{"start":{"line":246,"column":6},"end":{"line":246,"column":66}},"type":"binary-expr","locations":[{"start":{"line":246,"column":6},"end":{"line":246,"column":18}},{"start":{"line":246,"column":18},"end":{"line":246,"column":33}},{"start":{"line":246,"column":37},"end":{"line":246,"column":66}}]}},"s":{"0":0,"1":0,"2":0,"3":0,"4":0,"5":0,"6":0,"7":0,"8":0,"9":0,"10":0,"11":0,"12":0,"13":0,"14":0,"15":0,"16":0,"17":0,"18":0,"19":0,"20":0,"21":0},"f":{"0":0,"1":0,"2":0,"3":0,"4":0,"5":0,"6":0,"7":0,"8":0,"9":0,"10":0},"b":{"0":[0],"1":[0,0],"2":[0],"3":[0],"4":[0,0],"5":[0,0],"6":[0,0],"7":[0,0],"8":[0],"9":[0,0],"10":[0,0],"11":[0],"12":[0],"13":[0],"14":[0],"15":[0],"16":[0],"17":[0,0],"18":[0,0],"19":[0],"20":[0],"21":[0],"22":[0],"23":[0],"24":[0,0],"25":[0],"26":[0,0,0]}}
,"/app/apps/website/components/providers.tsx": {"path":"/app/apps/website/components/providers.tsx","statementMap":{"0":{"start":{"line":13,"column":16},"end":{"line":13,"column":26}},"1":{"start":{"line":3,"column":49},"end":{"line":3,"column":null}},"2":{"start":{"line":4,"column":35},"end":{"line":4,"column":null}},"3":{"start":{"line":5,"column":25},"end":{"line":5,"column":null}},"4":{"start":{"line":6,"column":93},"end":{"line":6,"column":null}},"5":{"start":{"line":7,"column":30},"end":{"line":7,"column":null}},"6":{"start":{"line":14,"column":24},"end":{"line":29,"column":null}},"7":{"start":{"line":16,"column":6},"end":{"line":29,"column":null}},"8":{"start":{"line":23,"column":14},"end":{"line":23,"column":null}},"9":{"start":{"line":23,"column":41},"end":{"line":23,"column":null}},"10":{"start":{"line":25,"column":14},"end":{"line":25,"column":null}},"11":{"start":{"line":33,"column":2},"end":{"line":46,"column":null}},"12":{"start":{"line":34,"column":22},"end":{"line":37,"column":null}},"13":{"start":{"line":39,"column":4},"end":{"line":39,"column":null}},"14":{"start":{"line":42,"column":4},"end":{"line":45,"column":null}},"15":{"start":{"line":52,"column":8},"end":{"line":52,"column":null}}},"fnMap":{"0":{"name":"Providers","decl":{"start":{"line":13,"column":16},"end":{"line":13,"column":26}},"loc":{"start":{"line":13,"column":54},"end":{"line":63,"column":null}}},"1":{"name":"(anonymous_2)","decl":{"start":{"line":15,"column":4},"end":{"line":15,"column":null}},"loc":{"start":{"line":16,"column":6},"end":{"line":29,"column":null}}},"2":{"name":"(anonymous_3)","decl":{"start":{"line":21,"column":19},"end":{"line":21,"column":20}},"loc":{"start":{"line":21,"column":42},"end":{"line":26,"column":null}}},"3":{"name":"(anonymous_4)","decl":{"start":{"line":33,"column":11},"end":{"line":33,"column":null}},"loc":{"start":{"line":33,"column":11},"end":{"line":46,"column":null}}},"4":{"name":"(anonymous_5)","decl":{"start":{"line":51,"column":15},"end":{"line":51,"column":16}},"loc":{"start":{"line":51,"column":23},"end":{"line":53,"column":null}}}},"branchMap":{"0":{"loc":{"start":{"line":23,"column":14},"end":{"line":23,"column":null}},"type":"if","locations":[{"start":{"line":23,"column":14},"end":{"line":23,"column":null}}]},"1":{"loc":{"start":{"line":36,"column":15},"end":{"line":36,"column":null}},"type":"binary-expr","locations":[{"start":{"line":36,"column":15},"end":{"line":36,"column":46}},{"start":{"line":36,"column":50},"end":{"line":36,"column":null}}]},"2":{"loc":{"start":{"line":57,"column":9},"end":{"line":57,"column":null}},"type":"binary-expr","locations":[{"start":{"line":57,"column":9},"end":{"line":57,"column":null}}]}},"s":{"0":0,"1":0,"2":0,"3":0,"4":0,"5":0,"6":0,"7":0,"8":0,"9":0,"10":0,"11":0,"12":0,"13":0,"14":0,"15":0},"f":{"0":0,"1":0,"2":0,"3":0,"4":0},"b":{"0":[0],"1":[0,0],"2":[0]}}
,"/app/apps/website/components/admin/AdminLayout.tsx": {"path":"/app/apps/website/components/admin/AdminLayout.tsx","statementMap":{"0":{"start":{"line":20,"column":16},"end":{"line":20,"column":28}},"1":{"start":{"line":3,"column":25},"end":{"line":3,"column":null}},"2":{"start":{"line":4,"column":17},"end":{"line":4,"column":null}},"3":{"start":{"line":5,"column":28},"end":{"line":5,"column":null}},"4":{"start":{"line":12,"column":19},"end":{"line":18,"column":null}},"5":{"start":{"line":21,"column":40},"end":{"line":21,"column":null}},"6":{"start":{"line":22,"column":19},"end":{"line":22,"column":null}},"7":{"start":{"line":28,"column":80},"end":{"line":28,"column":null}},"8":{"start":{"line":34,"column":29},"end":{"line":34,"column":null}},"9":{"start":{"line":46,"column":16},"end":{"line":47,"column":null}},"10":{"start":{"line":73,"column":16},"end":{"line":74,"column":null}},"11":{"start":{"line":99,"column":29},"end":{"line":99,"column":null}}},"fnMap":{"0":{"name":"AdminLayout","decl":{"start":{"line":20,"column":16},"end":{"line":20,"column":28}},"loc":{"start":{"line":20,"column":58},"end":{"line":122,"column":null}}},"1":{"name":"(anonymous_3)","decl":{"start":{"line":28,"column":74},"end":{"line":28,"column":80}},"loc":{"start":{"line":28,"column":80},"end":{"line":28,"column":null}}},"2":{"name":"(anonymous_4)","decl":{"start":{"line":34,"column":23},"end":{"line":34,"column":29}},"loc":{"start":{"line":34,"column":29},"end":{"line":34,"column":null}}},"3":{"name":"(anonymous_5)","decl":{"start":{"line":45,"column":30},"end":{"line":45,"column":31}},"loc":{"start":{"line":46,"column":16},"end":{"line":47,"column":null}}},"4":{"name":"(anonymous_6)","decl":{"start":{"line":72,"column":30},"end":{"line":72,"column":31}},"loc":{"start":{"line":73,"column":16},"end":{"line":74,"column":null}}},"5":{"name":"(anonymous_7)","decl":{"start":{"line":99,"column":23},"end":{"line":99,"column":29}},"loc":{"start":{"line":99,"column":29},"end":{"line":99,"column":null}}}},"branchMap":{"0":{"loc":{"start":{"line":27,"column":54},"end":{"line":27,"column":88}},"type":"cond-expr","locations":[{"start":{"line":27,"column":68},"end":{"line":27,"column":78}},{"start":{"line":27,"column":78},"end":{"line":27,"column":88}}]},"1":{"loc":{"start":{"line":50,"column":20},"end":{"line":52,"column":null}},"type":"cond-expr","locations":[{"start":{"line":51,"column":24},"end":{"line":51,"column":null}},{"start":{"line":52,"column":24},"end":{"line":52,"column":null}}]},"2":{"loc":{"start":{"line":77,"column":20},"end":{"line":79,"column":null}},"type":"cond-expr","locations":[{"start":{"line":78,"column":24},"end":{"line":78,"column":null}},{"start":{"line":79,"column":24},"end":{"line":79,"column":null}}]}},"s":{"0":0,"1":0,"2":0,"3":0,"4":0,"5":0,"6":0,"7":0,"8":0,"9":0,"10":0,"11":0},"f":{"0":0,"1":0,"2":0,"3":0,"4":0,"5":0},"b":{"0":[0,0],"1":[0,0],"2":[0,0]}}
[...]
"line":131,"column":2},"end":{"line":148,"column":null}}},"11":{"name":"getPublishedPages","decl":{"start":{"line":159,"column":22},"end":{"line":159,"column":null}},"loc":{"start":{"line":159,"column":22},"end":{"line":175,"column":null}}},"12":{"name":"(anonymous_29)","decl":{"start":{"line":170,"column":16},"end":{"line":170,"column":null}},"loc":{"start":{"line":170,"column":16},"end":{"line":172,"column":null}}},"13":{"name":"getPageBySlug","decl":{"start":{"line":180,"column":22},"end":{"line":180,"column":36}},"loc":{"start":{"line":180,"column":48},"end":{"line":201,"column":null}}},"14":{"name":"(anonymous_31)","decl":{"start":{"line":189,"column":28},"end":{"line":189,"column":33}},"loc":{"start":{"line":189,"column":33},"end":{"line":189,"column":null}}},"15":{"name":"(anonymous_32)","decl":{"start":{"line":207,"column":2},"end":{"line":207,"column":9}},"loc":{"start":{"line":207,"column":9},"end":{"line":221,"column":null}}},"16":{"name":"getPageById","decl":{"start":{"line":232,"column":22},"end":{"line":232,"column":34}},"loc":{"start":{"line":232,"column":44},"end":{"line":241,"column":null}}},"17":{"name":"clearPageCache","decl":{"start":{"line":246,"column":16},"end":{"line":246,"column":null}},"loc":{"start":{"line":246,"column":16},"end":{"line":249,"column":null}}},"18":{"name":"getPagesForSitemap","decl":{"start":{"line":254,"column":22},"end":{"line":254,"column":null}},"loc":{"start":{"line":254,"column":22},"end":{"line":266,"column":null}}},"19":{"name":"(anonymous_36)","decl":{"start":{"line":258,"column":21},"end":{"line":258,"column":30}},"loc":{"start":{"line":258,"column":30},"end":{"line":261,"column":null}}},"20":{"name":"pageExists","decl":{"start":{"line":271,"column":22},"end":{"line":271,"column":33}},"loc":{"start":{"line":271,"column":45},"end":{"line":274,"column":null}}},"21":{"name":"revalidateContent","decl":{"start":{"line":279,"column":22},"end":{"line":279,"column":40}},"loc":{"start":{"line":282,"column":1},"end":{"line":309,"column":null}}},"22":{"name":"revalidatePage","decl":{"start":{"line":314,"column":22},"end":{"line":314,"column":37}},"loc":{"start":{"line":314,"column":49},"end":{"line":316,"column":null}}},"23":{"name":"revalidateAllPages","decl":{"start":{"line":321,"column":22},"end":{"line":321,"column":null}},"loc":{"start":{"line":321,"column":22},"end":{"line":323,"column":null}}},"24":{"name":"getPublishedBlogPosts","decl":{"start":{"line":330,"column":22},"end":{"line":330,"column":44}},"loc":{"start":{"line":335,"column":6},"end":{"line":367,"column":null}}},"25":{"name":"getBlogPostBySlug","decl":{"start":{"line":372,"column":22},"end":{"line":372,"column":40}},"loc":{"start":{"line":372,"column":52},"end":{"line":383,"column":null}}},"26":{"name":"(anonymous_43)","decl":{"start":{"line":376,"column":28},"end":{"line":376,"column":33}},"loc":{"start":{"line":376,"column":33},"end":{"line":376,"column":null}}},"27":{"name":"getBlogCategories","decl":{"start":{"line":388,"column":22},"end":{"line":388,"column":null}},"loc":{"start":{"line":388,"column":22},"end":{"line":402,"column":null}}},"28":{"name":"getBlogTags","decl":{"start":{"line":407,"column":22},"end":{"line":407,"column":null}},"loc":{"start":{"line":407,"column":22},"end":{"line":421,"column":null}}},"29":{"name":"searchBlogPosts","decl":{"start":{"line":426,"column":22},"end":{"line":426,"column":38}},"loc":{"start":{"line":431,"column":6},"end":{"line":461,"column":null}}},"30":{"name":"getRelatedBlogPosts","decl":{"start":{"line":466,"column":22},"end":{"line":466,"column":42}},"loc":{"start":{"line":466,"column":75},"end":{"line":529,"column":null}}},"31":{"name":"getBlogRSSFeed","decl":{"start":{"line":534,"column":22},"end":{"line":534,"column":null}},"loc":{"start":{"line":534,"column":22},"end":{"line":548,"column":null}}}},"branchMap":{"0":{"loc":{"start":{"line":27,"column":16},"end":{"line":27,"column":null}},"type":"cond-expr","locations":[{"start":{"line":27,"column":25},"end":{"line":27,"column":69}},{"start":{"line":27,"column":72},"end":{"line":27,"column":null}}]},"1":{"loc":{"start":{"line":39,"column":6},"end":{"line":46,"column":null}},"type":"if","locations":[{"start":{"line":39,"column":6},"end":{"line":46,"column":null}}]},"2":{"loc":{"start":{"line":54,"column":19},"end":{"line":54,"column":null}},"type":"cond-expr","locations":[{"start":{"line":54,"column":44},"end":{"line":54,"column":57}},{"start":{"line":54,"column":60},"end":{"line":54,"column":null}}]},"3":{"loc":{"start":{"line":65,"column":18},"end":{"line":65,"column":48}},"type":"default-arg","locations":[{"start":{"line":65,"column":46},"end":{"line":65,"column":48}}]},"4":{"loc":{"start":{"line":68,"column":4},"end":{"line":68,"column":null}},"type":"if","locations":[{"start":{"line":68,"column":4},"end":{"line":68,"column":null}}]},"5":{"loc":{"start":{"line":69,"column":4},"end":{"line":69,"column":null}},"type":"if","locations":[{"start":{"line":69,"column":4},"end":{"line":69,"column":null}}]},"6":{"loc":{"start":{"line":70,"column":4},"end":{"line":70,"column":null}},"type":"if","locations":[{"start":{"line":70,"column":4},"end":{"line":70,"column":null}}]},"7":{"loc":{"start":{"line":71,"column":4},"end":{"line":71,"column":null}},"type":"if","locations":[{"start":{"line":71,"column":4},"end":{"line":71,"column":null}}]},"8":{"loc":{"start":{"line":80,"column":22},"end":{"line":80,"column":56}},"type":"default-arg","locations":[{"start":{"line":80,"column":54},"end":{"line":80,"column":56}}]},"9":{"loc":{"start":{"line":83,"column":4},"end":{"line":83,"column":null}},"type":"if","locations":[{"start":{"line":83,"column":4},"end":{"line":83,"column":null}}]},"10":{"loc":{"start":{"line":84,"column":4},"end":{"line":84,"column":null}},"type":"if","locations":[{"start":{"line":84,"column":4},"end":{"line":84,"column":null}}]},"11":{"loc":{"start":{"line":85,"column":4},"end":{"line":85,"column":null}},"type":"if","locations":[{"start":{"line":85,"column":4},"end":{"line":85,"column":null}}]},"12":{"loc":{"start":{"line":86,"column":4},"end":{"line":86,"column":null}},"type":"if","locations":[{"start":{"line":86,"column":4},"end":{"line":86,"column":null}}]},"13":{"loc":{"start":{"line":87,"column":4},"end":{"line":87,"column":null}},"type":"if","locations":[{"start":{"line":87,"column":4},"end":{"line":87,"column":null}}]},"14":{"loc":{"start":{"line":103,"column":4},"end":{"line":103,"column":null}},"type":"if","locations":[{"start":{"line":103,"column":4},"end":{"line":103,"column":null}}]},"15":{"loc":{"start":{"line":104,"column":4},"end":{"line":104,"column":null}},"type":"if","locations":[{"start":{"line":104,"column":4},"end":{"line":104,"column":null}}]},"16":{"loc":{"start":{"line":105,"column":4},"end":{"line":105,"column":null}},"type":"if","locations":[{"start":{"line":105,"column":4},"end":{"line":105,"column":null}}]},"17":{"loc":{"start":{"line":106,"column":4},"end":{"line":106,"column":null}},"type":"if","locations":[{"start":{"line":106,"column":4},"end":{"line":106,"column":null}}]},"18":{"loc":{"start":{"line":118,"column":2},"end":{"line":118,"column":null}},"type":"binary-expr","locations":[{"start":{"line":118,"column":2},"end":{"line":118,"column":21}},{"start":{"line":118,"column":25},"end":{"line":118,"column":56}},{"start":{"line":118,"column":60},"end":{"line":118,"column":null}}]},"19":{"loc":{"start":{"line":138,"column":6},"end":{"line":141,"column":null}},"type":"if","locations":[{"start":{"line":138,"column":6},"end":{"line":141,"column":null}}]},"20":{"loc":{"start":{"line":143,"column":13},"end":{"line":143,"column":39}},"type":"binary-expr","locations":[{"start":{"line":143,"column":13},"end":{"line":143,"column":37}},{"start":{"line":143,"column":37},"end":{"line":143,"column":39}}]},"21":{"loc":{"start":{"line":162,"column":2},"end":{"line":164,"column":null}},"type":"if","locations":[{"start":{"line":162,"column":2},"end":{"line":164,"column":null}}]},"22":{"loc":{"start":{"line":182,"column":2},"end":{"line":184,"column":null}},"type":"if","locations":[{"start":{"line":182,"column":2},"end":{"line":184,"column":null}}]},"23":{"loc":{"start":{"line":191,"column":4},"end":{"line":194,"column":null}},"type":"if","locations":[{"start":{"line":191,"column":4},"end":{"line":194,"column":null}}]},"24":{"loc":{"start":{"line":211,"column":6},"end":{"line":214,"column":null}},"type":"if","locations":[{"start":{"line":211,"column":6},"end":{"line":214,"column":null}}]},"25":{"loc":{"start":{"line":216,"column":13},"end":{"line":216,"column":null}},"type":"binary-expr","locations":[{"start":{"line":216,"column":13},"end":{"line":216,"column":26}},{"start":{"line":216,"column":30},"end":{"line":216,"column":null}}]},"26":{"loc":{"start":{"line":235,"column":2},"end":{"line":238,"column":null}},"type":"if","locations":[{"start":{"line":235,"column":2},"end":{"line":238,"column":null}}]},"27":{"loc":{"start":{"line":284,"column":31},"end":{"line":284,"column":91}},"type":"binary-expr","locations":[{"start":{"line":284,"column":31},"end":{"line":284,"column":63}},{"start":{"line":284,"column":67},"end":{"line":284,"column":91}}]},"28":{"loc":{"start":{"line":297,"column":4},"end":{"line":300,"column":null}},"type":"if","locations":[{"start":{"line":297,"column":4},"end":{"line":300,"column":null}}]},"29":{"loc":{"start":{"line":330,"column":44},"end":{"line":335,"column":6}},"type":"default-arg","locations":[{"start":{"line":335,"column":4},"end":{"line":335,"column":6}}]},"30":{"loc":{"start":{"line":340,"column":10},"end":{"line":340,"column":18}},"type":"default-arg","locations":[{"start":{"line":340,"column":17},"end":{"line":340,"column":18}}]},"31":{"loc":{"start":{"line":340,"column":20},"end":{"line":340,"column":33}},"type":"default-arg","locations":[{"start":{"line":340,"column":31},"end":{"line":340,"column":33}}]},"32":{"loc":{"start":{"line":345,"column":18},"end":{"line":345,"column":null}},"type":"cond-expr","locations":[{"start":{"line":345,"column":29},"end":{"line":345,"column":66}},{"start":{"line":345,"column":66},"end":{"line":345,"column":null}}]},"33":{"loc":{"start":{"line":347,"column":10},"end":{"line":347,"column":34}},"type":"binary-expr","locations":[{"start":{"line":347,"column":10},"end":{"line":347,"column":22}},{"start":{"line":347,"column":22},"end":{"line":347,"column":34}}]},"34":{"loc":{"start":{"line":348,"column":10},"end":{"line":348,"column":24}},"type":"binary-expr","locations":[{"start":{"line":348,"column":10},"end":{"line":348,"column":17}},{"start":{"line":348,"column":17},"end":{"line":348,"column":24}}]},"35":{"loc":{"start":{"line":353,"column":4},"end":{"line":356,"column":null}},"type":"if","locations":[{"start":{"line":353,"column":4},"end":{"line":356,"column":null}}]},"36":{"loc":{"start":{"line":358,"column":18},"end":{"line":358,"column":44}},"type":"binary-expr","locations":[{"start":{"line":358,"column":18},"end":{"line":358,"column":42}},{"start":{"line":358,"column":42},"end":{"line":358,"column":44}}]},"37":{"loc":{"start":{"line":360,"column":23},"end":{"line":360,"column":null}},"type":"binary-expr","locations":[{"start":{"line":360,"column":23},"end":{"line":360,"column":53}},{"start":{"line":360,"column":53},"end":{"line":360,"column":null}}]},"38":{"loc":{"start":{"line":378,"column":11},"end":{"line":378,"column":null}},"type":"binary-expr","locations":[{"start":{"line":378,"column":11},"end":{"line":378,"column":19}},{"start":{"line":378,"column":19},"end":{"line":378,"column":null}}]},"39":{"loc":{"start":{"line":392,"column":4},"end":{"line":395,"column":null}},"type":"if","locations":[{"start":{"line":392,"column":4},"end":{"line":395,"column":null}}]},"40":{"loc":{"start":{"line":397,"column":11},"end":{"line":397,"column":42}},"type":"binary-expr","locations":[{"start":{"line":397,"column":11},"end":{"line":397,"column":40}},{"start":{"line":397,"column":40},"end":{"line":397,"column":42}}]},"41":{"loc":{"start":{"line":411,"column":4},"end":{"line":414,"column":null}},"type":"if","locations":[{"start":{"line":411,"column":4},"end":{"line":414,"column":null}}]},"42":{"loc":{"start":{"line":416,"column":11},"end":{"line":416,"column":36}},"type":"binary-expr","locations":[{"start":{"line":416,"column":11},"end":{"line":416,"column":34}},{"start":{"line":416,"column":34},"end":{"line":416,"column":36}}]},"43":{"loc":{"start":{"line":426,"column":53},"end":{"line":431,"column":6}},"type":"default-arg","locations":[{"start":{"line":431,"column":4},"end":{"line":431,"column":6}}]},"44":{"loc":{"start":{"line":436,"column":10},"end":{"line":436,"column":18}},"type":"default-arg","locations":[{"start":{"line":436,"column":17},"end":{"line":436,"column":18}}]},"45":{"loc":{"start":{"line":436,"column":20},"end":{"line":436,"column":33}},"type":"default-arg","locations":[{"start":{"line":436,"column":31},"end":{"line":436,"column":33}}]},"46":{"loc":{"start":{"line":442,"column":18},"end":{"line":442,"column":null}},"type":"cond-expr","locations":[{"start":{"line":442,"column":29},"end":{"line":442,"column":66}},{"start":{"line":442,"column":66},"end":{"line":442,"column":null}}]},"47":{"loc":{"start":{"line":443,"column":10},"end":{"line":443,"column":34}},"type":"binary-expr","locations":[{"start":{"line":443,"column":10},"end":{"line":443,"column":22}},{"start":{"line":443,"column":22},"end":{"line":443,"column":34}}]},"48":{"loc":{"start":{"line":444,"column":10},"end":{"line":444,"column":24}},"type":"binary-expr","locations":[{"start":{"line":444,"column":10},"end":{"line":444,"column":17}},{"start":{"line":444,"column":17},"end":{"line":444,"column":24}}]},"49":{"loc":{"start":{"line":447,"column":4},"end":{"line":450,"column":null}},"type":"if","locations":[{"start":{"line":447,"column":4},"end":{"line":450,"column":null}}]},"50":{"loc":{"start":{"line":452,"column":18},"end":{"line":452,"column":44}},"type":"binary-expr","locations":[{"start":{"line":452,"column":18},"end":{"line":452,"column":42}},{"start":{"line":452,"column":42},"end":{"line":452,"column":44}}]},"51":{"loc":{"start":{"line":454,"column":23},"end":{"line":454,"column":null}},"type":"binary-expr","locations":[{"start":{"line":454,"column":23},"end":{"line":454,"column":53}},{"start":{"line":454,"column":53},"end":{"line":454,"column":null}}]},"52":{"loc":{"start":{"line":466,"column":58},"end":{"line":466,"column":75}},"type":"default-arg","locations":[{"start":{"line":466,"column":74},"end":{"line":466,"column":75}}]},"53":{"loc":{"start":{"line":472,"column":4},"end":{"line":489,"column":null}},"type":"if","locations":[{"start":{"line":472,"column":4},"end":{"line":489,"column":null}}]},"54":{"loc":{"start":{"line":474,"column":8},"end":{"line":474,"column":null}},"type":"if","locations":[{"start":{"line":474,"column":8},"end":{"line":474,"column":null}}]},"55":{"loc":{"start":{"line":482,"column":10},"end":{"line":482,"column":null}},"type":"if","locations":[{"start":{"line":482,"column":10},"end":{"line":482,"column":null}}]},"56":{"loc":{"start":{"line":483,"column":10},"end":{"line":486,"column":null}},"type":"if","locations":[{"start":{"line":483,"column":10},"end":{"line":486,"column":null}}]},"57":{"loc":{"start":{"line":492,"column":4},"end":{"line":509,"column":null}},"type":"if","locations":[{"start":{"line":492,"column":4},"end":{"line":509,"column":null}}]},"58":{"loc":{"start":{"line":492,"column":8},"end":{"line":492,"column":61}},"type":"binary-expr","locations":[{"start":{"line":492,"column":8},"end":{"line":492,"column":39}},{"start":{"line":492,"column":39},"end":{"line":492,"column":61}}]},"59":{"loc":{"start":{"line":494,"column":8},"end":{"line":494,"column":null}},"type":"if","locations":[{"start":{"line":494,"column":8},"end":{"line":494,"column":null}}]},"60":{"loc":{"start":{"line":502,"column":10},"end":{"line":502,"column":null}},"type":"if","locations":[{"start":{"line":502,"column":10},"end":{"line":502,"column":null}}]},"61":{"loc":{"start":{"line":503,"column":10},"end":{"line":506,"column":null}},"type":"if","locations":[{"start":{"line":503,"column":10},"end":{"line":506,"column":null}}]},"62":{"loc":{"start":{"line":512,"column":4},"end":{"line":522,"column":null}},"type":"if","locations":[{"start":{"line":512,"column":4},"end":{"line":522,"column":null}}]},"63":{"loc":{"start":{"line":516,"column":8},"end":{"line":516,"column":null}},"type":"if","locations":[{"start":{"line":516,"column":8},"end":{"line":516,"column":null}}]},"64":{"loc":{"start":{"line":517,"column":8},"end":{"line":520,"column":null}},"type":"if","locations":[{"start":{"line":517,"column":8},"end":{"line":520,"column":null}}]},"65":{"loc":{"start":{"line":538,"column":4},"end":{"line":541,"column":null}},"type":"if","locations":[{"start":{"line":538,"column":4},"end":{"line":541,"column":null}}]},"66":{"loc":{"start":{"line":543,"column":11},"end":{"line":543,"column":null}},"type":"binary-expr","locations":[{"start":{"line":543,"column":11},"end":{"line":543,"column":41}},{"start":{"line":543,"column":41},"end":{"line":543,"column":null}}]}},"s":{"0":0,"1":0,"2":0,"3":0,"4":0,"5":0,"6":0,"7":0,"8":0,"9":0,"10":0,"11":0,"12":0,"13":0,"14":0,"15":0,"16":0,"17":0,"18":0,"19":0,"20":0,"21":0,"22":0,"23":0,"24":0,"25":0,"26":0,"27":0,"28":0,"29":0,"30":0,"31":0,"32":0,"33":0,"34":0,"35":0,"36":0,"37":0,"38":0,"39":0,"40":0,"41":0,"42":0,"43":0,"44":0,"45":0,"46":0,"47":0,"48":0,"49":0,"50":0,"51":0,"52":0,"53":0,"54":0,"55":0,"56":0,"57":0,"58":0,"59":0,"60":0,"61":0,"62":0,"63":0,"64":0,"65":0,"66":0,"67":0,"68":0,"69":0,"70":0,"71":0,"72":0,"73":0,"74":0,"75":0,"76":0,"77":0,"78":0,"79":0,"80":0,"81":0,"82":0,"83":0,"84":0,"85":0,"86":0,"87":0,"88":0,"89":0,"90":0,"91":0,"92":0,"93":0,"94":0,"95":0,"96":0,"97":0,"98":0,"99":0,"100":0,"101":0,"102":0,"103":0,"104":0,"105":0,"106":0,"107":0,"108":0,"109":0,"110":0,"111":0,"112":0,"113":0,"114":0,"115":0,"116":0,"117":0,"118":0,"119":0,"120":0,"121":0,"122":0,"123":0,"124":0,"125":0,"126":0,"127":0,"128":0,"129":0,"130":0,"131":0,"132":0,"133":0,"134":0,"135":0,"136":0,"137":0,"138":0,"139":0,"140":0,"141":0,"142":0,"143":0,"144":0,"145":0,"146":0,"147":0,"148":0,"149":0,"150":0,"151":0,"152":0,"153":0,"154":0,"155":0,"156":0,"157":0,"158":0,"159":0,"160":0,"161":0,"162":0,"163":0,"164":0,"165":0,"166":0,"167":0,"168":0,"169":0,"170":0,"171":0,"172":0,"173":0,"174":0,"175":0,"176":0,"177":0,"178":0,"179":0,"180":0,"181":0,"182":0,"183":0,"184":0,"185":0,"186":0,"187":0,"188":0,"189":0,"190":0,"191":0,"192":0,"193":0,"194":0,"195":0,"196":0,"197":0,"198":0,"199":0,"200":0,"201":0,"202":0,"203":0,"204":0,"205":0,"206":0,"207":0,"208":0,"209":0,"210":0,"211":0,"212":0,"213":0,"214":0,"215":0,"216":0,"217":0,"218":0,"219":0,"220":0,"221":0,"222":0,"223":0},"f":{"0":0,"1":0,"2":0,"3":0,"4":0,"5":0,"6":0,"7":0,"8":0,"9":0,"10":0,"11":0,"12":0,"13":0,"14":0,"15":0,"16":0,"17":0,"18":0,"19":0,"20":0,"21":0,"22":0,"23":0,"24":0,"25":0,"26":0,"27":0,"28":0,"29":0,"30":0,"31":0},"b":{"0":[0,0],"1":[0],"2":[0,0],"3":[0],"4":[0],"5":[0],"6":[0],"7":[0],"8":[0],"9":[0],"10":[0],"11":[0],"12":[0],"13":[0],"14":[0],"15":[0],"16":[0],"17":[0],"18":[0,0,0],"19":[0],"20":[0,0],"21":[0],"22":[0],"23":[0],"24":[0],"25":[0,0],"26":[0],"27":[0,0],"28":[0],"29":[0],"30":[0],"31":[0],"32":[0,0],"33":[0,0],"34":[0,0],"35":[0],"36":[0,0],"37":[0,0],"38":[0,0],"39":[0],"40":[0,0],"41":[0],"42":[0,0],"43":[0],"44":[0],"45":[0],"46":[0,0],"47":[0,0],"48":[0,0],"49":[0],"50":[0,0],"51":[0,0],"52":[0],"53":[0],"54":[0],"55":[0],"56":[0],"57":[0],"58":[0,0],"59":[0],"60":[0],"61":[0],"62":[0],"63":[0],"64":[0],"65":[0],"66":[0,0]}}
,"/app/apps/website/lib/validations/contact.ts": {"path":"/app/apps/website/lib/validations/contact.ts","statementMap":{"0":{"start":{"line":3,"column":13},"end":{"line":3,"column":33}},"1":{"start":{"line":1,"column":18},"end":{"line":1,"column":null}},"2":{"start":{"line":3,"column":33},"end":{"line":23,"column":null}}},"fnMap":{},"branchMap":{},"s":{"0":12,"1":1,"2":1},"f":{},"b":{}}
}
