TN:
SF:app/error.tsx
FN:12,Error
FN:13,(anonymous_2)
FN:56,(anonymous_3)
FNF:3
FNH:0
FNDA:0,Error
FNDA:0,(anonymous_2)
FNDA:0,(anonymous_3)
DA:3,0
DA:4,0
DA:5,0
DA:12,0
DA:13,0
DA:15,0
DA:18,0
DA:19,0
DA:56,0
LF:9
LH:0
BRDA:18,0,0,0
BRDA:62,1,0,0
BRDA:71,2,0,0
BRDA:76,3,0,0
BRF:4
BRH:0
end_of_record
TN:
SF:app/global-error.tsx
FN:10,GlobalError
FN:11,(anonymous_2)
FN:97,(anonymous_3)
FNF:3
FNH:0
FNDA:0,GlobalError
FNDA:0,(anonymous_2)
FNDA:0,(anonymous_3)
DA:3,0
DA:10,0
DA:11,0
DA:13,0
DA:16,0
DA:17,0
DA:97,0
LF:7
LH:0
BRDA:16,0,0,0
BRDA:113,1,0,0
BRDA:129,2,0,0
BRDA:134,3,0,0
BRF:4
BRH:0
end_of_record
TN:
SF:app/layout.tsx
FN:51,RootLayout
FNF:1
FNH:0
FNDA:0,RootLayout
DA:2,0
DA:3,0
DA:5,0
DA:51,0
LF:4
LH:0
BRDA:20,0,0,0
BRDA:20,0,1,0
BRDA:24,1,0,0
BRDA:24,1,1,0
BRF:4
BRH:0
end_of_record
TN:
SF:app/not-found.tsx
FN:7,NotFound
FN:39,(anonymous_3)
FNF:2
FNH:0
FNDA:0,NotFound
FNDA:0,(anonymous_3)
DA:3,0
DA:4,0
DA:5,0
DA:7,0
DA:39,0
LF:5
LH:0
BRF:0
BRH:0
end_of_record
TN:
SF:app/page.tsx
FN:5,HomePage
FN:78,(anonymous_3)
FNF:2
FNH:0
FNDA:0,HomePage
FNDA:0,(anonymous_3)
DA:1,0
DA:2,0
DA:3,0
DA:5,0
DA:6,0
DA:79,0
LF:6
LH:0
BRF:0
BRH:0
end_of_record
TN:
SF:app/robots.ts
FN:3,robots
FNF:1
FNH:0
FNDA:0,robots
DA:3,0
DA:4,0
DA:6,0
LF:3
LH:0
BRDA:4,0,0,0
BRDA:4,0,1,0
BRF:2
BRH:0
end_of_record
TN:
SF:app/sitemap.ts
FN:4,sitemap
FN:38,(anonymous_2)
FNF:2
FNH:0
FNDA:0,sitemap
FNDA:0,(anonymous_2)
DA:2,0
DA:4,0
DA:5,0
DA:8,0
DA:36,0
DA:37,0
DA:38,0
DA:45,0
DA:47,0
DA:48,0
LF:10
LH:0
BRDA:5,0,0,0
BRDA:5,0,1,0
BRF:2
BRH:0
end_of_record
TN:
SF:app/[...slug]/page.tsx
FN:15,generateStaticParams
FN:19,(anonymous_6)
FN:29,generateMetadata
FN:66,DynamicPage
FNF:4
FNH:0
FNDA:0,generateStaticParams
FNDA:0,(anonymous_6)
FNDA:0,generateMetadata
FNDA:0,DynamicPage
DA:2,0
DA:3,0
DA:4,0
DA:5,0
DA:15,0
DA:16,0
DA:17,0
DA:19,0
DA:23,0
DA:24,0
DA:29,0
DA:30,0
DA:32,0
DA:33,0
DA:35,0
DA:36,0
DA:42,0
DA:58,0
DA:59,0
DA:66,0
DA:67,0
DA:69,0
DA:70,0
DA:72,0
DA:73,0
DA:93,0
DA:94,0
DA:99,0
LF:28
LH:0
BRDA:35,0,0,0
BRDA:43,1,0,0
BRDA:43,1,1,0
BRDA:47,2,0,0
BRDA:47,2,1,0
BRDA:53,3,0,0
BRDA:53,3,1,0
BRDA:72,4,0,0
BRF:8
BRH:0
end_of_record
TN:
SF:app/about/page.tsx
FN:9,AboutPage
FN:96,(anonymous_4)
FN:125,(anonymous_5)
FNF:3
FNH:0
FNDA:0,AboutPage
FNDA:0,(anonymous_4)
FNDA:0,(anonymous_5)
DA:1,0
DA:2,0
DA:4,0
DA:9,0
DA:10,0
DA:31,0
DA:97,0
DA:126,0
LF:8
LH:0
BRF:0
BRH:0
end_of_record
TN:
SF:app/admin/layout.tsx
FN:4,AdminLayout
FNF:1
FNH:0
FNDA:0,AdminLayout
DA:2,0
DA:4,0
DA:9,0
LF:3
LH:0
BRF:0
BRH:0
end_of_record
TN:
SF:app/admin/page.tsx
FN:7,AdminDashboardPage
FN:16,(anonymous_2)
FN:17,(anonymous_3)
FN:18,(anonymous_4)
FN:48,(anonymous_5)
FN:51,(anonymous_6)
FN:73,(anonymous_7)
FN:106,(anonymous_8)
FNF:8
FNH:0
FNDA:0,AdminDashboardPage
FNDA:0,(anonymous_2)
FNDA:0,(anonymous_3)
FNDA:0,(anonymous_4)
FNDA:0,(anonymous_5)
FNDA:0,(anonymous_6)
FNDA:0,(anonymous_7)
FNDA:0,(anonymous_8)
DA:3,0
DA:4,0
DA:5,0
DA:7,0
DA:8,0
DA:12,0
DA:15,0
DA:16,0
DA:17,0
DA:18,0
DA:20,0
DA:47,0
DA:48,0
DA:51,0
DA:52,0
DA:74,0
DA:107,0
LF:17
LH:0
BRDA:12,0,0,0
BRDA:12,0,1,0
BRDA:101,1,0,0
BRDA:119,2,0,0
BRF:4
BRH:0
end_of_record
TN:
SF:app/admin/contact/loading.tsx
FN:1,Loading
FNF:1
FNH:0
FNDA:0,Loading
DA:1,0
LF:1
LH:0
BRF:0
BRH:0
end_of_record
TN:
SF:app/admin/contact/page.tsx
FN:13,AdminContactPage
FN:29,(anonymous_2)
FN:37,(anonymous_3)
FN:47,(anonymous_4)
FN:65,(anonymous_5)
FN:80,(anonymous_6)
FN:111,(anonymous_7)
FN:122,(anonymous_8)
FN:145,(anonymous_9)
FN:156,(anonymous_10)
FN:192,(anonymous_11)
FN:202,(anonymous_12)
FN:214,(anonymous_13)
FNF:13
FNH:0
FNDA:0,AdminContactPage
FNDA:0,(anonymous_2)
FNDA:0,(anonymous_3)
FNDA:0,(anonymous_4)
FNDA:0,(anonymous_5)
FNDA:0,(anonymous_6)
FNDA:0,(anonymous_7)
FNDA:0,(anonymous_8)
FNDA:0,(anonymous_9)
FNDA:0,(anonymous_10)
FNDA:0,(anonymous_11)
FNDA:0,(anonymous_12)
FNDA:0,(anonymous_13)
DA:3,0
DA:4,0
DA:5,0
DA:11,0
DA:13,0
DA:14,0
DA:15,0
DA:16,0
DA:18,0
DA:24,0
DA:25,0
DA:27,0
DA:29,0
DA:30,0
DA:31,0
DA:33,0
DA:37,0
DA:38,0
DA:39,0
DA:40,0
DA:42,0
DA:47,0
DA:48,0
DA:56,0
DA:65,0
DA:66,0
DA:75,0
DA:80,0
DA:111,0
DA:122,0
DA:146,0
DA:147,0
DA:157,0
DA:192,0
DA:203,0
DA:204,0
DA:205,0
DA:214,0
LF:38
LH:0
BRDA:19,0,0,0
BRDA:19,0,1,0
BRDA:20,1,0,0
BRDA:20,1,1,0
BRDA:27,2,0,0
BRDA:27,2,1,0
BRDA:38,3,0,0
BRDA:56,4,0,0
BRDA:56,4,1,0
BRDA:75,5,0,0
BRDA:137,6,0,0
BRDA:141,7,0,0
BRDA:143,8,0,0
BRDA:143,8,1,0
BRDA:169,9,0,0
BRDA:189,10,0,0
BRF:16
BRH:0
end_of_record
TN:
SF:app/api/health/route.ts
FN:3,GET
FNF:1
FNH:0
FNDA:0,GET
DA:1,0
DA:3,0
DA:4,0
DA:6,0
DA:14,0
DA:16,0
DA:23,0
LF:7
LH:0
BRDA:10,0,0,0
BRDA:10,0,1,0
BRDA:20,1,0,0
BRDA:20,1,1,0
BRF:4
BRH:0
end_of_record
TN:
SF:app/api/revalidate/route.ts
FN:4,POST
FNF:1
FNH:0
FNDA:0,POST
DA:1,0
DA:2,0
DA:4,0
DA:5,0
DA:6,0
DA:7,0
DA:10,0
DA:11,0
DA:17,0
DA:19,0
DA:20,0
DA:27,0
DA:29,0
DA:30,0
DA:37,0
DA:42,0
DA:43,0
LF:17
LH:0
BRDA:10,0,0,0
BRDA:17,1,0,0
BRDA:27,2,0,0
BRF:3
BRH:0
end_of_record
TN:
SF:app/blog/page.tsx
FN:25,BlogPage
FN:90,(anonymous_7)
FN:112,(anonymous_8)
FN:139,(anonymous_9)
FN:145,(anonymous_10)
FN:155,(anonymous_11)
FN:196,(anonymous_12)
FN:209,(anonymous_13)
FNF:8
FNH:0
FNDA:0,BlogPage
FNDA:0,(anonymous_7)
FNDA:0,(anonymous_8)
FNDA:0,(anonymous_9)
FNDA:0,(anonymous_10)
FNDA:0,(anonymous_11)
FNDA:0,(anonymous_12)
FNDA:0,(anonymous_13)
DA:2,0
DA:3,0
DA:4,0
DA:5,0
DA:8,0
DA:25,0
DA:26,0
DA:27,0
DA:28,0
DA:29,0
DA:30,0
DA:33,0
DA:41,0
DA:91,0
DA:113,0
DA:139,0
DA:145,0
DA:156,0
DA:197,0
DA:210,0
DA:305,0
DA:328,0
DA:331,0
LF:23
LH:0
BRDA:27,0,0,0
BRDA:27,0,1,0
BRDA:78,1,0,0
BRDA:85,2,0,0
BRDA:85,2,1,0
BRDA:95,3,0,0
BRDA:95,3,1,0
BRDA:108,4,0,0
BRDA:117,5,0,0
BRDA:117,5,1,0
BRDA:134,6,0,0
BRDA:134,6,1,0
BRDA:137,7,0,0
BRDA:139,8,0,0
BRDA:139,8,1,0
BRDA:143,9,0,0
BRDA:145,10,0,0
BRDA:145,10,1,0
BRDA:153,11,0,0
BRDA:157,12,0,0
BRDA:168,13,0,0
BRDA:168,13,1,0
BRDA:169,14,0,0
BRDA:169,14,1,0
BRDA:188,15,0,0
BRDA:188,15,1,0
BRDA:192,16,0,0
BRDA:192,16,1,0
BRDA:194,17,0,0
BRDA:207,18,0,0
BRDA:218,19,0,0
BRDA:239,20,0,0
BRDA:239,20,1,0
BRDA:241,21,0,0
BRDA:247,22,0,0
BRDA:247,22,1,0
BRDA:248,23,0,0
BRDA:248,23,1,0
BRDA:262,24,0,0
BRDA:268,25,0,0
BRDA:268,25,1,0
BRDA:269,26,0,0
BRDA:269,26,1,0
BRDA:284,27,0,0
BRDA:284,27,1,0
BRDA:284,28,0,0
BRDA:284,28,1,0
BRDA:287,29,0,0
BRDA:287,29,1,0
BRDA:287,30,0,0
BRDA:287,30,1,0
BRDA:293,31,0,0
BRDA:293,31,1,0
BRDA:293,32,0,0
BRDA:293,32,1,0
BRDA:294,33,0,0
BRDA:294,33,1,0
BRDA:294,34,0,0
BRDA:294,34,1,0
BRF:59
BRH:0
end_of_record
TN:
SF:app/blog/[slug]/page.tsx
FN:16,generateMetadata
FN:61,BlogPostPage
FN:99,(anonymous_7)
FN:175,(anonymous_8)
FN:193,(anonymous_9)
FNF:5
FNH:0
FNDA:0,generateMetadata
FNDA:0,BlogPostPage
FNDA:0,(anonymous_7)
FNDA:0,(anonymous_8)
FNDA:0,(anonymous_9)
DA:2,0
DA:3,0
DA:4,0
DA:5,0
DA:6,0
DA:7,0
DA:16,0
DA:17,0
DA:18,0
DA:20,0
DA:21,0
DA:26,0
DA:55,0
DA:61,0
DA:62,0
DA:63,0
DA:65,0
DA:66,0
DA:70,0
DA:100,0
DA:176,0
DA:194,0
DA:234,0
DA:235,0
DA:240,0
LF:25
LH:0
BRDA:20,0,0,0
BRDA:27,1,0,0
BRDA:27,1,1,0
BRDA:28,2,0,0
BRDA:28,2,1,0
BRDA:30,3,0,0
BRDA:30,3,1,0
BRDA:31,4,0,0
BRDA:31,4,1,0
BRDA:33,5,0,0
BRDA:33,5,1,0
BRDA:36,6,0,0
BRDA:36,6,1,0
BRDA:47,7,0,0
BRDA:47,7,1,0
BRDA:48,8,0,0
BRDA:48,8,1,0
BRDA:49,9,0,0
BRDA:49,9,1,0
BRDA:65,10,0,0
BRDA:97,11,0,0
BRDA:117,12,0,0
BRDA:131,13,0,0
BRDA:131,13,1,0
BRDA:134,14,0,0
BRDA:134,14,1,0
BRDA:155,15,0,0
BRDA:171,16,0,0
BRDA:189,17,0,0
BRDA:195,18,0,0
BRDA:213,19,0,0
BRDA:213,19,1,0
BRDA:216,20,0,0
BRDA:216,20,1,0
BRDA:219,21,0,0
BRDA:219,21,1,0
BRF:36
BRH:0
end_of_record
TN:
SF:app/blog/rss/route.ts
FN:4,GET
FNF:1
FNH:0
FNDA:0,GET
DA:1,0
DA:2,0
DA:4,0
DA:5,0
DA:6,0
DA:8,0
DA:9,0
DA:12,0
DA:20,0
DA:21,0
DA:26,0
LF:11
LH:0
BRDA:8,0,0,0
BRF:1
BRH:0
end_of_record
TN:
SF:app/blog/search/page.tsx
FN:20,BlogSearchPage
FN:88,(anonymous_6)
FN:129,(anonymous_7)
FN:142,(anonymous_8)
FNF:4
FNH:0
FNDA:0,BlogSearchPage
FNDA:0,(anonymous_6)
FNDA:0,(anonymous_7)
FNDA:0,(anonymous_8)
DA:2,0
DA:3,0
DA:4,0
DA:5,0
DA:8,0
DA:20,0
DA:21,0
DA:22,0
DA:23,0
DA:25,0
DA:26,0
DA:27,0
DA:29,0
DA:30,0
DA:31,0
DA:32,0
DA:33,0
DA:34,0
DA:36,0
DA:89,0
DA:130,0
DA:143,0
DA:249,0
LF:23
LH:0
BRDA:21,0,0,0
BRDA:21,0,1,0
BRDA:22,1,0,0
BRDA:22,1,1,0
BRDA:29,2,0,0
BRDA:69,3,0,0
BRDA:73,4,0,0
BRDA:73,4,1,0
BRDA:74,5,0,0
BRDA:74,5,1,0
BRDA:78,6,0,0
BRDA:86,7,0,0
BRDA:90,8,0,0
BRDA:101,9,0,0
BRDA:101,9,1,0
BRDA:102,10,0,0
BRDA:102,10,1,0
BRDA:121,11,0,0
BRDA:121,11,1,0
BRDA:125,12,0,0
BRDA:125,12,1,0
BRDA:127,13,0,0
BRDA:140,14,0,0
BRDA:151,15,0,0
BRDA:172,16,0,0
BRDA:172,16,1,0
BRDA:174,17,0,0
BRDA:194,18,0,0
BRF:28
BRH:0
end_of_record
TN:
SF:app/contact/page.tsx
FN:7,ContactPage
FN:63,(anonymous_2)
FNF:2
FNH:0
FNDA:0,ContactPage
FNDA:0,(anonymous_2)
DA:3,0
DA:4,0
DA:5,0
DA:7,0
DA:9,0
DA:64,0
LF:6
LH:0
BRF:0
BRH:0
end_of_record
TN:
SF:app/services/page.tsx
FN:10,ServicesPage
FN:103,(anonymous_5)
FN:127,(anonymous_6)
FN:169,(anonymous_7)
FN:176,(anonymous_8)
FNF:5
FNH:0
FNDA:0,ServicesPage
FNDA:0,(anonymous_5)
FNDA:0,(anonymous_6)
FNDA:0,(anonymous_7)
FNDA:0,(anonymous_8)
DA:1,0
DA:2,0
DA:3,0
DA:5,0
DA:10,0
DA:11,0
DA:50,0
DA:104,0
DA:128,0
DA:170,0
DA:177,0
LF:11
LH:0
BRDA:106,0,0,0
BRDA:106,0,1,0
BRDA:108,1,0,0
BRF:3
BRH:0
end_of_record
TN:
SF:components/content-renderer.tsx
FN:16,HeroBlockRenderer
FN:55,TextBlockRenderer
FN:71,ImageBlockRenderer
FN:94,FeatureGridRenderer
FN:124,(anonymous_6)
FN:144,CallToActionRenderer
FN:179,QuoteRenderer
FN:196,VideoRenderer
FN:216,BlockRenderer
FN:245,ContentRenderer
FN:256,(anonymous_12)
FNF:11
FNH:0
FNDA:0,HeroBlockRenderer
FNDA:0,TextBlockRenderer
FNDA:0,ImageBlockRenderer
FNDA:0,FeatureGridRenderer
FNDA:0,(anonymous_6)
FNDA:0,CallToActionRenderer
FNDA:0,QuoteRenderer
FNDA:0,VideoRenderer
FNDA:0,BlockRenderer
FNDA:0,ContentRenderer
FNDA:0,(anonymous_12)
DA:1,0
DA:2,0
DA:3,0
DA:4,0
DA:17,0
DA:56,0
DA:58,0
DA:72,0
DA:95,0
DA:97,0
DA:99,0
DA:100,0
DA:102,0
DA:125,0
DA:145,0
DA:180,0
DA:197,0
DA:217,0
DA:233,0
DA:245,0
DA:246,0
DA:257,0
LF:22
LH:0
BRDA:26,0,0,0
BRDA:31,1,0,0
BRDA:31,1,1,0
BRDA:40,2,0,0
BRDA:56,3,0,0
BRDA:65,4,0,0
BRDA:65,4,1,0
BRDA:79,5,0,0
BRDA:79,5,1,0
BRDA:80,6,0,0
BRDA:80,6,1,0
BRDA:81,7,0,0
BRDA:81,7,1,0
BRDA:85,8,0,0
BRDA:100,9,0,0
BRDA:100,9,1,0
BRDA:108,10,0,0
BRDA:108,10,1,0
BRDA:110,11,0,0
BRDA:115,12,0,0
BRDA:126,13,0,0
BRDA:145,14,0,0
BRDA:151,15,0,0
BRDA:156,16,0,0
BRDA:162,17,0,0
BRDA:162,17,1,0
BRDA:167,18,0,0
BRDA:167,18,1,0
BRDA:185,19,0,0
BRDA:188,20,0,0
BRDA:189,21,0,0
BRDA:197,22,0,0
BRDA:197,23,0,0
BRDA:204,24,0,0
BRDA:204,24,1,0
BRDA:246,25,0,0
BRDA:246,26,0,0
BRDA:246,26,1,0
BRDA:246,26,2,0
BRF:39
BRH:0
end_of_record
TN:
SF:components/providers.tsx
FN:13,Providers
FN:15,(anonymous_2)
FN:21,(anonymous_3)
FN:33,(anonymous_4)
FN:51,(anonymous_5)
FNF:5
FNH:0
FNDA:0,Providers
FNDA:0,(anonymous_2)
FNDA:0,(anonymous_3)
FNDA:0,(anonymous_4)
FNDA:0,(anonymous_5)
DA:3,0
DA:4,0
DA:5,0
DA:6,0
DA:7,0
DA:13,0
DA:14,0
DA:16,0
DA:23,0
DA:25,0
DA:33,0
DA:34,0
DA:39,0
DA:42,0
DA:52,0
LF:15
LH:0
BRDA:23,0,0,0
BRDA:36,1,0,0
BRDA:36,1,1,0
BRDA:57,2,0,0
BRF:4
BRH:0
end_of_record
TN:
SF:components/admin/AdminLayout.tsx
FN:20,AdminLayout
FN:28,(anonymous_3)
FN:34,(anonymous_4)
FN:45,(anonymous_5)
FN:72,(anonymous_6)
FN:99,(anonymous_7)
FNF:6
FNH:0
FNDA:0,AdminLayout
FNDA:0,(anonymous_3)
FNDA:0,(anonymous_4)
FNDA:0,(anonymous_5)
FNDA:0,(anonymous_6)
FNDA:0,(anonymous_7)
DA:3,0
DA:4,0
DA:5,0
DA:12,0
DA:20,0
DA:21,0
DA:22,0
DA:28,0
DA:34,0
DA:46,0
DA:73,0
DA:99,0
LF:12
LH:0
BRDA:27,0,0,0
BRDA:27,0,1,0
BRDA:50,1,0,0
BRDA:50,1,1,0
BRDA:77,2,0,0
BRDA:77,2,1,0
BRF:6
BRH:0
end_of_record
TN:
SF:components/contact/ContactForm.tsx
FN:15,ContactForm
FN:28,(anonymous_2)
FN:35,(anonymous_3)
FN:40,(anonymous_4)
FN:58,(anonymous_5)
FNF:5
FNH:2
FNDA:28,ContactForm
FNDA:0,(anonymous_2)
FNDA:0,(anonymous_3)
FNDA:4,(anonymous_4)
FNDA:0,(anonymous_5)
DA:3,1
DA:4,1
DA:5,1
DA:6,1
DA:7,1
DA:8,1
DA:15,8
DA:16,28
DA:23,28
DA:27,28
DA:29,0
DA:30,0
DA:31,0
DA:32,0
DA:36,0
DA:40,28
DA:41,4
DA:43,4
DA:44,4
DA:46,4
DA:48,1
DA:49,1
DA:52,3
DA:58,28
DA:59,0
DA:62,28
LF:26
LH:20
BRDA:29,0,0,0
BRDA:46,1,0,1
BRDA:62,2,0,0
BRDA:64,3,0,0
BRDA:64,3,1,0
BRDA:82,4,0,28
BRDA:82,4,1,28
BRDA:92,5,0,1
BRDA:92,5,1,27
BRDA:94,6,0,28
BRDA:107,7,0,1
BRDA:107,7,1,27
BRDA:109,8,0,28
BRDA:124,9,0,0
BRDA:124,9,1,28
BRDA:126,10,0,28
BRDA:141,11,0,2
BRDA:141,11,1,26
BRDA:143,12,0,28
BRDA:162,13,0,28
BRDA:172,14,0,28
BRDA:172,14,1,22
BRDA:175,15,0,6
BRDA:175,15,1,22
BRDA:175,16,0,28
BRDA:175,16,1,22
BRF:26
BRH:21
end_of_record
TN:
SF:components/layout/footer.tsx
FN:3,Footer
FN:49,(anonymous_6)
FN:61,(anonymous_7)
FNF:3
FNH:0
FNDA:0,Footer
FNDA:0,(anonymous_6)
FNDA:0,(anonymous_7)
DA:1,0
DA:3,0
DA:4,0
DA:50,0
DA:62,0
LF:5
LH:0
BRF:0
BRH:0
end_of_record
TN:
SF:components/layout/header.tsx
FN:7,Header
FN:29,(anonymous_3)
FN:49,(anonymous_4)
FN:74,(anonymous_5)
FN:79,(anonymous_6)
FNF:5
FNH:0
FNDA:0,Header
FNDA:0,(anonymous_3)
FNDA:0,(anonymous_4)
FNDA:0,(anonymous_5)
FNDA:0,(anonymous_6)
DA:3,0
DA:4,0
DA:5,0
DA:7,0
DA:8,0
DA:10,0
DA:30,0
DA:49,0
DA:75,0
DA:79,0
LF:10
LH:0
BRDA:71,0,0,0
BRF:1
BRH:0
end_of_record
TN:
SF:components/layout/index.ts
FNF:0
FNH:0
DA:1,0
DA:2,0
DA:3,0
LF:3
LH:0
BRF:0
BRH:0
end_of_record
TN:
SF:components/layout/main-layout.tsx
FN:8,MainLayout
FNF:1
FNH:0
FNDA:0,MainLayout
DA:1,0
DA:2,0
DA:8,0
LF:3
LH:0
BRF:0
BRH:0
end_of_record
TN:
SF:lib/cms.ts
FN:22,(anonymous_17)
FN:26,(anonymous_18)
FN:63,(anonymous_19)
FN:65,(anonymous_20)
FN:76,(anonymous_21)
FN:80,(anonymous_22)
FN:92,(anonymous_23)
FN:96,(anonymous_24)
FN:100,(anonymous_25)
FN:111,(anonymous_26)
FN:131,(anonymous_27)
FN:159,getPublishedPages
FN:170,(anonymous_29)
FN:180,getPageBySlug
FN:189,(anonymous_31)
FN:207,(anonymous_32)
FN:232,getPageById
FN:246,clearPageCache
FN:254,getPagesForSitemap
FN:258,(anonymous_36)
FN:271,pageExists
FN:279,revalidateContent
FN:314,revalidatePage
FN:321,revalidateAllPages
FN:330,getPublishedBlogPosts
FN:372,getBlogPostBySlug
FN:376,(anonymous_43)
FN:388,getBlogCategories
FN:407,getBlogTags
FN:426,searchBlogPosts
FN:466,getRelatedBlogPosts
FN:534,getBlogRSSFeed
FNF:32
FNH:0
FNDA:0,(anonymous_17)
FNDA:0,(anonymous_18)
FNDA:0,(anonymous_19)
FNDA:0,(anonymous_20)
FNDA:0,(anonymous_21)
FNDA:0,(anonymous_22)
FNDA:0,(anonymous_23)
FNDA:0,(anonymous_24)
FNDA:0,(anonymous_25)
FNDA:0,(anonymous_26)
FNDA:0,(anonymous_27)
FNDA:0,getPublishedPages
FNDA:0,(anonymous_29)
FNDA:0,getPageBySlug
FNDA:0,(anonymous_31)
FNDA:0,(anonymous_32)
FNDA:0,getPageById
FNDA:0,clearPageCache
FNDA:0,getPagesForSitemap
FNDA:0,(anonymous_36)
FNDA:0,pageExists
FNDA:0,revalidateContent
FNDA:0,revalidatePage
FNDA:0,revalidateAllPages
FNDA:0,getPublishedBlogPosts
FNDA:0,getBlogPostBySlug
FNDA:0,(anonymous_43)
FNDA:0,getBlogCategories
FNDA:0,getBlogTags
FNDA:0,searchBlogPosts
FNDA:0,getRelatedBlogPosts
FNDA:0,getBlogRSSFeed
DA:16,0
DA:23,0
DA:27,0
DA:29,0
DA:30,0
DA:39,0
DA:40,0
DA:48,0
DA:49,0
DA:51,0
DA:63,0
DA:66,0
DA:68,0
DA:69,0
DA:70,0
DA:71,0
DA:73,0
DA:77,0
DA:81,0
DA:83,0
DA:84,0
DA:85,0
DA:86,0
DA:87,0
DA:89,0
DA:93,0
DA:97,0
DA:101,0
DA:103,0
DA:104,0
DA:105,0
DA:106,0
DA:108,0
DA:112,0
DA:117,0
DA:121,0
DA:124,0
DA:125,0
DA:130,0
DA:132,0
DA:133,0
DA:138,0
DA:139,0
DA:140,0
DA:143,0
DA:145,0
DA:146,0
DA:159,0
DA:160,0
DA:162,0
DA:163,0
DA:166,0
DA:167,0
DA:170,0
DA:171,0
DA:174,0
DA:180,0
DA:182,0
DA:183,0
DA:186,0
DA:188,0
DA:189,0
DA:191,0
DA:192,0
DA:193,0
DA:196,0
DA:198,0
DA:199,0
DA:206,0
DA:208,0
DA:209,0
DA:211,0
DA:212,0
DA:213,0
DA:216,0
DA:218,0
DA:219,0
DA:232,0
DA:233,0
DA:235,0
DA:237,0
DA:240,0
DA:246,0
DA:247,0
DA:248,0
DA:254,0
DA:255,0
DA:256,0
DA:258,0
DA:263,0
DA:264,0
DA:271,0
DA:272,0
DA:273,0
DA:279,0
DA:283,0
DA:284,0
DA:286,0
DA:297,0
DA:298,0
DA:299,0
DA:302,0
DA:303,0
DA:304,0
DA:306,0
DA:307,0
DA:314,0
DA:315,0
DA:321,0
DA:322,0
DA:330,0
DA:340,0
DA:342,0
DA:343,0
DA:351,0
DA:353,0
DA:354,0
DA:355,0
DA:358,0
DA:359,0
DA:360,0
DA:362,0
DA:364,0
DA:365,0
DA:372,0
DA:373,0
DA:375,0
DA:376,0
DA:378,0
DA:380,0
DA:381,0
DA:388,0
DA:389,0
DA:390,0
DA:392,0
DA:393,0
DA:394,0
DA:397,0
DA:399,0
DA:400,0
DA:407,0
DA:408,0
DA:409,0
DA:411,0
DA:412,0
DA:413,0
DA:416,0
DA:418,0
DA:419,0
DA:426,0
DA:436,0
DA:438,0
DA:439,0
DA:447,0
DA:448,0
DA:449,0
DA:452,0
DA:453,0
DA:454,0
DA:456,0
DA:458,0
DA:459,0
DA:466,0
DA:467,0
DA:468,0
DA:469,0
DA:472,0
DA:473,0
DA:474,0
DA:476,0
DA:481,0
DA:482,0
DA:483,0
DA:484,0
DA:485,0
DA:492,0
DA:493,0
DA:494,0
DA:496,0
DA:501,0
DA:502,0
DA:503,0
DA:504,0
DA:505,0
DA:512,0
DA:513,0
DA:515,0
DA:516,0
DA:517,0
DA:518,0
DA:519,0
DA:524,0
DA:526,0
DA:527,0
DA:534,0
DA:535,0
DA:536,0
DA:538,0
DA:539,0
DA:540,0
DA:543,0
DA:545,0
DA:546,0
LF:203
LH:0
BRDA:27,0,0,0
BRDA:27,0,1,0
BRDA:39,1,0,0
BRDA:54,2,0,0
BRDA:54,2,1,0
BRDA:65,3,0,0
BRDA:68,4,0,0
BRDA:69,5,0,0
BRDA:70,6,0,0
BRDA:71,7,0,0
BRDA:80,8,0,0
BRDA:83,9,0,0
BRDA:84,10,0,0
BRDA:85,11,0,0
BRDA:86,12,0,0
BRDA:87,13,0,0
BRDA:103,14,0,0
BRDA:104,15,0,0
BRDA:105,16,0,0
BRDA:106,17,0,0
BRDA:118,18,0,0
BRDA:118,18,1,0
BRDA:118,18,2,0
BRDA:138,19,0,0
BRDA:143,20,0,0
BRDA:143,20,1,0
BRDA:162,21,0,0
BRDA:182,22,0,0
BRDA:191,23,0,0
BRDA:211,24,0,0
BRDA:216,25,0,0
BRDA:216,25,1,0
BRDA:235,26,0,0
BRDA:284,27,0,0
BRDA:284,27,1,0
BRDA:297,28,0,0
BRDA:330,29,0,0
BRDA:340,30,0,0
BRDA:340,31,0,0
BRDA:345,32,0,0
BRDA:345,32,1,0
BRDA:347,33,0,0
BRDA:347,33,1,0
BRDA:348,34,0,0
BRDA:348,34,1,0
BRDA:353,35,0,0
BRDA:358,36,0,0
BRDA:358,36,1,0
BRDA:360,37,0,0
BRDA:360,37,1,0
BRDA:378,38,0,0
BRDA:378,38,1,0
BRDA:392,39,0,0
BRDA:397,40,0,0
BRDA:397,40,1,0
BRDA:411,41,0,0
BRDA:416,42,0,0
BRDA:416,42,1,0
BRDA:426,43,0,0
BRDA:436,44,0,0
BRDA:436,45,0,0
BRDA:442,46,0,0
BRDA:442,46,1,0
BRDA:443,47,0,0
BRDA:443,47,1,0
BRDA:444,48,0,0
BRDA:444,48,1,0
BRDA:447,49,0,0
BRDA:452,50,0,0
BRDA:452,50,1,0
BRDA:454,51,0,0
BRDA:454,51,1,0
BRDA:466,52,0,0
BRDA:472,53,0,0
BRDA:474,54,0,0
BRDA:482,55,0,0
BRDA:483,56,0,0
BRDA:492,57,0,0
BRDA:492,58,0,0
BRDA:492,58,1,0
BRDA:494,59,0,0
BRDA:502,60,0,0
BRDA:503,61,0,0
BRDA:512,62,0,0
BRDA:516,63,0,0
BRDA:517,64,0,0
BRDA:538,65,0,0
BRDA:543,66,0,0
BRDA:543,66,1,0
BRF:89
BRH:0
end_of_record
TN:
SF:lib/validations/contact.ts
FNF:0
FNH:0
DA:1,1
DA:3,28
LF:2
LH:2
BRF:0
BRH:0
end_of_record
